Arguments: 
  /Users/admin/.nvm/versions/node/v6.9.1/bin/node /usr/local/bin/yarn add gulp -g

PATH: 
  /Users/admin/.nvm/versions/node/v6.9.1/bin:/Users/admin/anaconda/bin:/usr/local/bin:/usr/bin:/bin:/usr/sbin:/sbin:/opt/X11/bin:/Library/TeX/texbin:/Users/admin/.rvm/bin:/Users/admin/.rvm/bin

Yarn version: 
  0.16.1

Node version: 
  6.9.1

Platform: 
  darwin x64

npm manifest: 
  {
    "name": "angular2-meteor-base",
    "private": true,
    "scripts": {
      "start": "meteor run",
      "start:prod": "meteor run --production",
      "build": "meteor build ./build/",
      "clear": "meteor reset",
      "meteor:update": "meteor update --all-packages",
      "test": "meteor test --driver-package practicalmeteor:mocha",
      "test:ci": "meteor test --once --driver-package dispatch:mocha-phantomjs"
    },
    "devDependencies": {
      "@types/chai": "3.4.33",
      "@types/mocha": "2.2.32",
      "babel-preset-latest": "^6.16.0",
      "chai": "3.5.0",
      "chai-spies": "0.7.1",
      "del": "^2.2.2",
      "gulp-babel": "^6.1.2",
      "meteor-node-stubs": "0.2.4",
      "meteor-typings": "1.3.1"
    },
    "dependencies": {
      "@angular/common": "2.3.0",
      "@angular/compiler": "2.3.0",
      "@angular/core": "2.3.0",
      "@angular/forms": "2.3.0",
      "@angular/material": "^2.0.0-alpha.11-3",
      "@angular/platform-browser": "2.3.0",
      "@angular/platform-browser-dynamic": "2.3.0",
      "@angular/router": "3.3.0",
      "angular2-meteor": "0.7.1",
      "angular2-meteor-polyfills": "0.1.1",
      "angular2-meteor-tests-polyfills": "0.0.2",
      "babel-runtime": "^6.18.0",
      "meteor-rxjs": "0.4.5",
      "node-sass": "^4.1.1",
      "reflect-metadata": "0.1.8",
      "rxjs": "5.0.0-rc.4",
      "web-animations-js": "^2.2.2",
      "zone.js": "0.7.2"
    }
  }

yarn manifest: 
  No manifest

bower manifest: 
  No manifest

Lockfile: 
  # THIS IS AN AUTOGENERATED FILE. DO NOT EDIT THIS FILE DIRECTLY.
  # yarn lockfile v1
  "@angular/common@2.3.0":
    version "2.3.0"
    resolved "https://registry.yarnpkg.com/@angular/common/-/common-2.3.0.tgz#16b0034fe43ae70875343f23e19835435edd118e"
  
  "@angular/compiler@2.3.0":
    version "2.3.0"
    resolved "https://registry.yarnpkg.com/@angular/compiler/-/compiler-2.3.0.tgz#68e39af53728c5d7e6762a225f9c9c6b173bb4fc"
  
  "@angular/core@2.3.0":
    version "2.3.0"
    resolved "https://registry.yarnpkg.com/@angular/core/-/core-2.3.0.tgz#e60bd398584d69467d075d001b718364174a2534"
  
  "@angular/forms@2.3.0":
    version "2.3.0"
    resolved "https://registry.yarnpkg.com/@angular/forms/-/forms-2.3.0.tgz#96113322db362fa1a4c9798929ffde0e76e034dc"
  
  "@angular/material":
    version "2.0.0-alpha.11-3"
    resolved "https://registry.yarnpkg.com/@angular/material/-/material-2.0.0-alpha.11-3.tgz#71780b1bcf07777d5bcef43330ab7695bb2da549"
    dependencies:
      "@types/hammerjs" "^2.0.30"
  
  "@angular/platform-browser-dynamic@2.3.0":
    version "2.3.0"
    resolved "https://registry.yarnpkg.com/@angular/platform-browser-dynamic/-/platform-browser-dynamic-2.3.0.tgz#e818d3fc73cc923230891acab6b802bbddfdff3b"
  
  "@angular/platform-browser@2.3.0":
    version "2.3.0"
    resolved "https://registry.yarnpkg.com/@angular/platform-browser/-/platform-browser-2.3.0.tgz#93259309cfb4e8fdb39ececa0b205f4caf002e6c"
  
  "@angular/router@3.3.0":
    version "3.3.0"
    resolved "https://registry.yarnpkg.com/@angular/router/-/router-3.3.0.tgz#1e0226e95b40207a120fe1e61f2c4c4d3c782eb1"
  
  "@types/chai@3.4.33":
    version "3.4.33"
    resolved "https://registry.yarnpkg.com/@types/chai/-/chai-3.4.33.tgz#88a4a5650794acd37b2e03c2dc07b63954db8ba2"
  
  "@types/hammerjs@^2.0.30":
    version "2.0.33"
    resolved "https://registry.yarnpkg.com/@types/hammerjs/-/hammerjs-2.0.33.tgz#45f57352474181425bb4b65f7313a60426d54bab"
  
  "@types/mocha@2.2.32":
    version "2.2.32"
    resolved "https://registry.yarnpkg.com/@types/mocha/-/mocha-2.2.32.tgz#dda0da6eaf2195d2ff808f42a1725b1a19e7ed69"
  
  abbrev@1:
    version "1.0.9"
    resolved "https://registry.yarnpkg.com/abbrev/-/abbrev-1.0.9.tgz#91b4792588a7738c25f35dd6f63752a2f8776135"
  
  angular2-meteor-polyfills@0.1.1:
    version "0.1.1"
    resolved "https://registry.yarnpkg.com/angular2-meteor-polyfills/-/angular2-meteor-polyfills-0.1.1.tgz#5d95cae22af1f4d3e7e4ef68c2601da7fc973d26"
  
  angular2-meteor-tests-polyfills@0.0.2:
    version "0.0.2"
    resolved "https://registry.yarnpkg.com/angular2-meteor-tests-polyfills/-/angular2-meteor-tests-polyfills-0.0.2.tgz#ff50a5f6c505deecb13953fa7a28b4896668da2a"
  
  angular2-meteor@0.7.1:
    version "0.7.1"
    resolved "https://registry.yarnpkg.com/angular2-meteor/-/angular2-meteor-0.7.1.tgz#99911ba7dda6b550db561a0b464fc410f1428b1c"
    dependencies:
      underscore "^1.8.3"
  
  ansi-regex@^2.0.0:
    version "2.0.0"
    resolved "https://registry.yarnpkg.com/ansi-regex/-/ansi-regex-2.0.0.tgz#c5061b6e0ef8a81775e50f5d66151bf6bf371107"
  
  ansi-styles@^2.2.1:
    version "2.2.1"
    resolved "https://registry.yarnpkg.com/ansi-styles/-/ansi-styles-2.2.1.tgz#b432dd3358b634cf75e1e4664368240533c1ddbe"
  
  aproba@^1.0.3:
    version "1.0.4"
    resolved "https://registry.yarnpkg.com/aproba/-/aproba-1.0.4.tgz#2713680775e7614c8ba186c065d4e2e52d1072c0"
  
  are-we-there-yet@~1.1.2:
    version "1.1.2"
    resolved "https://registry.yarnpkg.com/are-we-there-yet/-/are-we-there-yet-1.1.2.tgz#80e470e95a084794fe1899262c5667c6e88de1b3"
    dependencies:
      delegates "^1.0.0"
      readable-stream "^2.0.0 || ^1.1.13"
  
  array-differ@^1.0.0:
    version "1.0.0"
    resolved "https://registry.yarnpkg.com/array-differ/-/array-differ-1.0.0.tgz#eff52e3758249d33be402b8bb8e564bb2b5d4031"
  
  array-find-index@^1.0.1:
    version "1.0.2"
    resolved "https://registry.yarnpkg.com/array-find-index/-/array-find-index-1.0.2.tgz#df010aa1287e164bbda6f9723b0a96a1ec4187a1"
  
  array-index@^1.0.0:
    version "1.0.0"
    resolved "https://registry.yarnpkg.com/array-index/-/array-index-1.0.0.tgz#ec56a749ee103e4e08c790b9c353df16055b97f9"
    dependencies:
      debug "^2.2.0"
      es6-symbol "^3.0.2"
  
  array-union@^1.0.1:
    version "1.0.2"
    resolved "https://registry.yarnpkg.com/array-union/-/array-union-1.0.2.tgz#9a34410e4f4e3da23dea375be5be70f24778ec39"
    dependencies:
      array-uniq "^1.0.1"
  
  array-uniq@^1.0.1, array-uniq@^1.0.2:
    version "1.0.3"
    resolved "https://registry.yarnpkg.com/array-uniq/-/array-uniq-1.0.3.tgz#af6ac877a25cc7f74e058894753858dfdb24fdb6"
  
  arrify@^1.0.0:
    version "1.0.1"
    resolved "https://registry.yarnpkg.com/arrify/-/arrify-1.0.1.tgz#898508da2226f380df904728456849c1501a4b0d"
  
  asn1.js@^4.0.0:
    version "4.9.0"
    resolved "https://registry.yarnpkg.com/asn1.js/-/asn1.js-4.9.0.tgz#f71a1243f3e79d46d7b07d7fbf4824ee73af054a"
    dependencies:
      bn.js "^4.0.0"
      inherits "^2.0.1"
      minimalistic-assert "^1.0.0"
  
  asn1@~0.2.3:
    version "0.2.3"
    resolved "https://registry.yarnpkg.com/asn1/-/asn1-0.2.3.tgz#dac8787713c9966849fc8180777ebe9c1ddf3b86"
  
  assert-plus@^0.2.0:
    version "0.2.0"
    resolved "https://registry.yarnpkg.com/assert-plus/-/assert-plus-0.2.0.tgz#d74e1b87e7affc0db8aadb7021f3fe48101ab234"
  
  assert-plus@^1.0.0:
    version "1.0.0"
    resolved "https://registry.yarnpkg.com/assert-plus/-/assert-plus-1.0.0.tgz#f12e0f3c5d77b0b1cdd9146942e4e96c1e4dd525"
  
  assert@^1.4.1:
    version "1.4.1"
    resolved "https://registry.yarnpkg.com/assert/-/assert-1.4.1.tgz#99912d591836b5a6f5b345c0f07eefc08fc65d91"
    dependencies:
      util "0.10.3"
  
  assertion-error@^1.0.1:
    version "1.0.2"
    resolved "https://registry.yarnpkg.com/assertion-error/-/assertion-error-1.0.2.tgz#13ca515d86206da0bac66e834dd397d87581094c"
  
  async-foreach@^0.1.3:
    version "0.1.3"
    resolved "https://registry.yarnpkg.com/async-foreach/-/async-foreach-0.1.3.tgz#36121f845c0578172de419a97dbeb1d16ec34542"
  
  asynckit@^0.4.0:
    version "0.4.0"
    resolved "https://registry.yarnpkg.com/asynckit/-/asynckit-0.4.0.tgz#c79ed97f7f34cb8f2ba1bc9790bcc366474b4b79"
  
  aws-sign2@~0.6.0:
    version "0.6.0"
    resolved "https://registry.yarnpkg.com/aws-sign2/-/aws-sign2-0.6.0.tgz#14342dd38dbcc94d0e5b87d763cd63612c0e794f"
  
  aws4@^1.2.1:
    version "1.5.0"
    resolved "https://registry.yarnpkg.com/aws4/-/aws4-1.5.0.tgz#0a29ffb79c31c9e712eeb087e8e7a64b4a56d755"
  
  babel-code-frame@^6.20.0:
    version "6.20.0"
    resolved "https://registry.yarnpkg.com/babel-code-frame/-/babel-code-frame-6.20.0.tgz#b968f839090f9a8bc6d41938fb96cb84f7387b26"
    dependencies:
      chalk "^1.1.0"
      esutils "^2.0.2"
      js-tokens "^2.0.0"
  
  babel-core@^6.0.2, babel-core@^6.18.0:
    version "6.21.0"
    resolved "https://registry.yarnpkg.com/babel-core/-/babel-core-6.21.0.tgz#75525480c21c803f826ef3867d22c19f080a3724"
    dependencies:
      babel-code-frame "^6.20.0"
      babel-generator "^6.21.0"
      babel-helpers "^6.16.0"
      babel-messages "^6.8.0"
      babel-register "^6.18.0"
      babel-runtime "^6.20.0"
      babel-template "^6.16.0"
      babel-traverse "^6.21.0"
      babel-types "^6.21.0"
      babylon "^6.11.0"
      convert-source-map "^1.1.0"
      debug "^2.1.1"
      json5 "^0.5.0"
      lodash "^4.2.0"
      minimatch "^3.0.2"
      path-is-absolute "^1.0.0"
      private "^0.1.6"
      slash "^1.0.0"
      source-map "^0.5.0"
  
  babel-generator@^6.21.0:
    version "6.21.0"
    resolved "https://registry.yarnpkg.com/babel-generator/-/babel-generator-6.21.0.tgz#605f1269c489a1c75deeca7ea16d43d4656c8494"
    dependencies:
      babel-messages "^6.8.0"
      babel-runtime "^6.20.0"
      babel-types "^6.21.0"
      detect-indent "^4.0.0"
      jsesc "^1.3.0"
      lodash "^4.2.0"
      source-map "^0.5.0"
  
  babel-helper-builder-binary-assignment-operator-visitor@^6.8.0:
    version "6.18.0"
    resolved "https://registry.yarnpkg.com/babel-helper-builder-binary-assignment-operator-visitor/-/babel-helper-builder-binary-assignment-operator-visitor-6.18.0.tgz#8ae814989f7a53682152e3401a04fabd0bb333a6"
    dependencies:
      babel-helper-explode-assignable-expression "^6.18.0"
      babel-runtime "^6.0.0"
      babel-types "^6.18.0"
  
  babel-helper-call-delegate@^6.18.0:
    version "6.18.0"
    resolved "https://registry.yarnpkg.com/babel-helper-call-delegate/-/babel-helper-call-delegate-6.18.0.tgz#05b14aafa430884b034097ef29e9f067ea4133bd"
    dependencies:
      babel-helper-hoist-variables "^6.18.0"
      babel-runtime "^6.0.0"
      babel-traverse "^6.18.0"
      babel-types "^6.18.0"
  
  babel-helper-define-map@^6.18.0, babel-helper-define-map@^6.8.0:
    version "6.18.0"
    resolved "https://registry.yarnpkg.com/babel-helper-define-map/-/babel-helper-define-map-6.18.0.tgz#8d6c85dc7fbb4c19be3de40474d18e97c3676ec2"
    dependencies:
      babel-helper-function-name "^6.18.0"
      babel-runtime "^6.9.0"
      babel-types "^6.18.0"
      lodash "^4.2.0"
  
  babel-helper-explode-assignable-expression@^6.18.0:
    version "6.18.0"
    resolved "https://registry.yarnpkg.com/babel-helper-explode-assignable-expression/-/babel-helper-explode-assignable-expression-6.18.0.tgz#14b8e8c2d03ad735d4b20f1840b24cd1f65239fe"
    dependencies:
      babel-runtime "^6.0.0"
      babel-traverse "^6.18.0"
      babel-types "^6.18.0"
  
  babel-helper-function-name@^6.18.0, babel-helper-function-name@^6.8.0:
    version "6.18.0"
    resolved "https://registry.yarnpkg.com/babel-helper-function-name/-/babel-helper-function-name-6.18.0.tgz#68ec71aeba1f3e28b2a6f0730190b754a9bf30e6"
    dependencies:
      babel-helper-get-function-arity "^6.18.0"
      babel-runtime "^6.0.0"
      babel-template "^6.8.0"
      babel-traverse "^6.18.0"
      babel-types "^6.18.0"
  
  babel-helper-get-function-arity@^6.18.0:
    version "6.18.0"
    resolved "https://registry.yarnpkg.com/babel-helper-get-function-arity/-/babel-helper-get-function-arity-6.18.0.tgz#a5b19695fd3f9cdfc328398b47dafcd7094f9f24"
    dependencies:
      babel-runtime "^6.0.0"
      babel-types "^6.18.0"
  
  babel-helper-hoist-variables@^6.18.0:
    version "6.18.0"
    resolved "https://registry.yarnpkg.com/babel-helper-hoist-variables/-/babel-helper-hoist-variables-6.18.0.tgz#a835b5ab8b46d6de9babefae4d98ea41e866b82a"
    dependencies:
      babel-runtime "^6.0.0"
      babel-types "^6.18.0"
  
  babel-helper-optimise-call-expression@^6.18.0:
    version "6.18.0"
    resolved "https://registry.yarnpkg.com/babel-helper-optimise-call-expression/-/babel-helper-optimise-call-expression-6.18.0.tgz#9261d0299ee1a4f08a6dd28b7b7c777348fd8f0f"
    dependencies:
      babel-runtime "^6.0.0"
      babel-types "^6.18.0"
  
  babel-helper-regex@^6.8.0:
    version "6.18.0"
    resolved "https://registry.yarnpkg.com/babel-helper-regex/-/babel-helper-regex-6.18.0.tgz#ae0ebfd77de86cb2f1af258e2cc20b5fe893ecc6"
    dependencies:
      babel-runtime "^6.9.0"
      babel-types "^6.18.0"
      lodash "^4.2.0"
  
  babel-helper-remap-async-to-generator@^6.16.0:
    version "6.20.3"
    resolved "https://registry.yarnpkg.com/babel-helper-remap-async-to-generator/-/babel-helper-remap-async-to-generator-6.20.3.tgz#9dd3b396f13e35ef63e538098500adc24c63c4e7"
    dependencies:
      babel-helper-function-name "^6.18.0"
      babel-runtime "^6.20.0"
      babel-template "^6.16.0"
      babel-traverse "^6.20.0"
      babel-types "^6.20.0"
  
  babel-helper-replace-supers@^6.18.0, babel-helper-replace-supers@^6.8.0:
    version "6.18.0"
    resolved "https://registry.yarnpkg.com/babel-helper-replace-supers/-/babel-helper-replace-supers-6.18.0.tgz#28ec69877be4144dbd64f4cc3a337e89f29a924e"
    dependencies:
      babel-helper-optimise-call-expression "^6.18.0"
      babel-messages "^6.8.0"
      babel-runtime "^6.0.0"
      babel-template "^6.16.0"
      babel-traverse "^6.18.0"
      babel-types "^6.18.0"
  
  babel-helpers@^6.16.0:
    version "6.16.0"
    resolved "https://registry.yarnpkg.com/babel-helpers/-/babel-helpers-6.16.0.tgz#1095ec10d99279460553e67eb3eee9973d3867e3"
    dependencies:
      babel-runtime "^6.0.0"
      babel-template "^6.16.0"
  
  babel-messages@^6.8.0:
    version "6.8.0"
    resolved "https://registry.yarnpkg.com/babel-messages/-/babel-messages-6.8.0.tgz#bf504736ca967e6d65ef0adb5a2a5f947c8e0eb9"
    dependencies:
      babel-runtime "^6.0.0"
  
  babel-plugin-check-es2015-constants@^6.3.13:
    version "6.8.0"
    resolved "https://registry.yarnpkg.com/babel-plugin-check-es2015-constants/-/babel-plugin-check-es2015-constants-6.8.0.tgz#dbf024c32ed37bfda8dee1e76da02386a8d26fe7"
    dependencies:
      babel-runtime "^6.0.0"
  
  babel-plugin-syntax-async-functions@^6.8.0:
    version "6.13.0"
    resolved "https://registry.yarnpkg.com/babel-plugin-syntax-async-functions/-/babel-plugin-syntax-async-functions-6.13.0.tgz#cad9cad1191b5ad634bf30ae0872391e0647be95"
  
  babel-plugin-syntax-exponentiation-operator@^6.8.0:
    version "6.13.0"
    resolved "https://registry.yarnpkg.com/babel-plugin-syntax-exponentiation-operator/-/babel-plugin-syntax-exponentiation-operator-6.13.0.tgz#9ee7e8337290da95288201a6a57f4170317830de"
  
  babel-plugin-syntax-trailing-function-commas@^6.8.0:
    version "6.20.0"
    resolved "https://registry.yarnpkg.com/babel-plugin-syntax-trailing-function-commas/-/babel-plugin-syntax-trailing-function-commas-6.20.0.tgz#442835e19179f45b87e92d477d70b9f1f18b5c4f"
  
  babel-plugin-transform-async-to-generator@^6.16.0:
    version "6.16.0"
    resolved "https://registry.yarnpkg.com/babel-plugin-transform-async-to-generator/-/babel-plugin-transform-async-to-generator-6.16.0.tgz#19ec36cb1486b59f9f468adfa42ce13908ca2999"
    dependencies:
      babel-helper-remap-async-to-generator "^6.16.0"
      babel-plugin-syntax-async-functions "^6.8.0"
      babel-runtime "^6.0.0"
  
  babel-plugin-transform-es2015-arrow-functions@^6.3.13:
    version "6.8.0"
    resolved "https://registry.yarnpkg.com/babel-plugin-transform-es2015-arrow-functions/-/babel-plugin-transform-es2015-arrow-functions-6.8.0.tgz#5b63afc3181bdc9a8c4d481b5a4f3f7d7fef3d9d"
    dependencies:
      babel-runtime "^6.0.0"
  
  babel-plugin-transform-es2015-block-scoped-functions@^6.3.13:
    version "6.8.0"
    resolved "https://registry.yarnpkg.com/babel-plugin-transform-es2015-block-scoped-functions/-/babel-plugin-transform-es2015-block-scoped-functions-6.8.0.tgz#ed95d629c4b5a71ae29682b998f70d9833eb366d"
    dependencies:
      babel-runtime "^6.0.0"
  
  babel-plugin-transform-es2015-block-scoping@^6.18.0:
    version "6.21.0"
    resolved "https://registry.yarnpkg.com/babel-plugin-transform-es2015-block-scoping/-/babel-plugin-transform-es2015-block-scoping-6.21.0.tgz#e840687f922e70fb2c42bb13501838c174a115ed"
    dependencies:
      babel-runtime "^6.20.0"
      babel-template "^6.15.0"
      babel-traverse "^6.21.0"
      babel-types "^6.21.0"
      lodash "^4.2.0"
  
  babel-plugin-transform-es2015-classes@^6.18.0:
    version "6.18.0"
    resolved "https://registry.yarnpkg.com/babel-plugin-transform-es2015-classes/-/babel-plugin-transform-es2015-classes-6.18.0.tgz#ffe7a17321bf83e494dcda0ae3fc72df48ffd1d9"
    dependencies:
      babel-helper-define-map "^6.18.0"
      babel-helper-function-name "^6.18.0"
      babel-helper-optimise-call-expression "^6.18.0"
      babel-helper-replace-supers "^6.18.0"
      babel-messages "^6.8.0"
      babel-runtime "^6.9.0"
      babel-template "^6.14.0"
      babel-traverse "^6.18.0"
      babel-types "^6.18.0"
  
  babel-plugin-transform-es2015-computed-properties@^6.3.13:
    version "6.8.0"
    resolved "https://registry.yarnpkg.com/babel-plugin-transform-es2015-computed-properties/-/babel-plugin-transform-es2015-computed-properties-6.8.0.tgz#f51010fd61b3bd7b6b60a5fdfd307bb7a5279870"
    dependencies:
      babel-helper-define-map "^6.8.0"
      babel-runtime "^6.0.0"
      babel-template "^6.8.0"
  
  babel-plugin-transform-es2015-destructuring@^6.18.0:
    version "6.19.0"
    resolved "https://registry.yarnpkg.com/babel-plugin-transform-es2015-destructuring/-/babel-plugin-transform-es2015-destructuring-6.19.0.tgz#ff1d911c4b3f4cab621bd66702a869acd1900533"
    dependencies:
      babel-runtime "^6.9.0"
  
  babel-plugin-transform-es2015-duplicate-keys@^6.6.0:
    version "6.8.0"
    resolved "https://registry.yarnpkg.com/babel-plugin-transform-es2015-duplicate-keys/-/babel-plugin-transform-es2015-duplicate-keys-6.8.0.tgz#fd8f7f7171fc108cc1c70c3164b9f15a81c25f7d"
    dependencies:
      babel-runtime "^6.0.0"
      babel-types "^6.8.0"
  
  babel-plugin-transform-es2015-for-of@^6.18.0:
    version "6.18.0"
    resolved "https://registry.yarnpkg.com/babel-plugin-transform-es2015-for-of/-/babel-plugin-transform-es2015-for-of-6.18.0.tgz#4c517504db64bf8cfc119a6b8f177211f2028a70"
    dependencies:
      babel-runtime "^6.0.0"
  
  babel-plugin-transform-es2015-function-name@^6.9.0:
    version "6.9.0"
    resolved "https://registry.yarnpkg.com/babel-plugin-transform-es2015-function-name/-/babel-plugin-transform-es2015-function-name-6.9.0.tgz#8c135b17dbd064e5bba56ec511baaee2fca82719"
    dependencies:
      babel-helper-function-name "^6.8.0"
      babel-runtime "^6.9.0"
      babel-types "^6.9.0"
  
  babel-plugin-transform-es2015-literals@^6.3.13:
    version "6.8.0"
    resolved "https://registry.yarnpkg.com/babel-plugin-transform-es2015-literals/-/babel-plugin-transform-es2015-literals-6.8.0.tgz#50aa2e5c7958fc2ab25d74ec117e0cc98f046468"
    dependencies:
      babel-runtime "^6.0.0"
  
  babel-plugin-transform-es2015-modules-amd@^6.18.0:
    version "6.18.0"
    resolved "https://registry.yarnpkg.com/babel-plugin-transform-es2015-modules-amd/-/babel-plugin-transform-es2015-modules-amd-6.18.0.tgz#49a054cbb762bdf9ae2d8a807076cfade6141e40"
    dependencies:
      babel-plugin-transform-es2015-modules-commonjs "^6.18.0"
      babel-runtime "^6.0.0"
      babel-template "^6.8.0"
  
  babel-plugin-transform-es2015-modules-commonjs@^6.18.0:
    version "6.18.0"
    resolved "https://registry.yarnpkg.com/babel-plugin-transform-es2015-modules-commonjs/-/babel-plugin-transform-es2015-modules-commonjs-6.18.0.tgz#c15ae5bb11b32a0abdcc98a5837baa4ee8d67bcc"
    dependencies:
      babel-plugin-transform-strict-mode "^6.18.0"
      babel-runtime "^6.0.0"
      babel-template "^6.16.0"
      babel-types "^6.18.0"
  
  babel-plugin-transform-es2015-modules-systemjs@^6.18.0:
    version "6.19.0"
    resolved "https://registry.yarnpkg.com/babel-plugin-transform-es2015-modules-systemjs/-/babel-plugin-transform-es2015-modules-systemjs-6.19.0.tgz#50438136eba74527efa00a5b0fefaf1dc4071da6"
    dependencies:
      babel-helper-hoist-variables "^6.18.0"
      babel-runtime "^6.11.6"
      babel-template "^6.14.0"
  
  babel-plugin-transform-es2015-modules-umd@^6.18.0:
    version "6.18.0"
    resolved "https://registry.yarnpkg.com/babel-plugin-transform-es2015-modules-umd/-/babel-plugin-transform-es2015-modules-umd-6.18.0.tgz#23351770ece5c1f8e83ed67cb1d7992884491e50"
    dependencies:
      babel-plugin-transform-es2015-modules-amd "^6.18.0"
      babel-runtime "^6.0.0"
      babel-template "^6.8.0"
  
  babel-plugin-transform-es2015-object-super@^6.3.13:
    version "6.8.0"
    resolved "https://registry.yarnpkg.com/babel-plugin-transform-es2015-object-super/-/babel-plugin-transform-es2015-object-super-6.8.0.tgz#1b858740a5a4400887c23dcff6f4d56eea4a24c5"
    dependencies:
      babel-helper-replace-supers "^6.8.0"
      babel-runtime "^6.0.0"
  
  babel-plugin-transform-es2015-parameters@^6.18.0:
    version "6.21.0"
    resolved "https://registry.yarnpkg.com/babel-plugin-transform-es2015-parameters/-/babel-plugin-transform-es2015-parameters-6.21.0.tgz#46a655e6864ef984091448cdf024d87b60b2a7d8"
    dependencies:
      babel-helper-call-delegate "^6.18.0"
      babel-helper-get-function-arity "^6.18.0"
      babel-runtime "^6.9.0"
      babel-template "^6.16.0"
      babel-traverse "^6.21.0"
      babel-types "^6.21.0"
  
  babel-plugin-transform-es2015-shorthand-properties@^6.18.0:
    version "6.18.0"
    resolved "https://registry.yarnpkg.com/babel-plugin-transform-es2015-shorthand-properties/-/babel-plugin-transform-es2015-shorthand-properties-6.18.0.tgz#e2ede3b7df47bf980151926534d1dd0cbea58f43"
    dependencies:
      babel-runtime "^6.0.0"
      babel-types "^6.18.0"
  
  babel-plugin-transform-es2015-spread@^6.3.13:
    version "6.8.0"
    resolved "https://registry.yarnpkg.com/babel-plugin-transform-es2015-spread/-/babel-plugin-transform-es2015-spread-6.8.0.tgz#0217f737e3b821fa5a669f187c6ed59205f05e9c"
    dependencies:
      babel-runtime "^6.0.0"
  
  babel-plugin-transform-es2015-sticky-regex@^6.3.13:
    version "6.8.0"
    resolved "https://registry.yarnpkg.com/babel-plugin-transform-es2015-sticky-regex/-/babel-plugin-transform-es2015-sticky-regex-6.8.0.tgz#e73d300a440a35d5c64f5c2a344dc236e3df47be"
    dependencies:
      babel-helper-regex "^6.8.0"
      babel-runtime "^6.0.0"
      babel-types "^6.8.0"
  
  babel-plugin-transform-es2015-template-literals@^6.6.0:
    version "6.8.0"
    resolved "https://registry.yarnpkg.com/babel-plugin-transform-es2015-template-literals/-/babel-plugin-transform-es2015-template-literals-6.8.0.tgz#86eb876d0a2c635da4ec048b4f7de9dfc897e66b"
    dependencies:
      babel-runtime "^6.0.0"
  
  babel-plugin-transform-es2015-typeof-symbol@^6.18.0:
    version "6.18.0"
    resolved "https://registry.yarnpkg.com/babel-plugin-transform-es2015-typeof-symbol/-/babel-plugin-transform-es2015-typeof-symbol-6.18.0.tgz#0b14c48629c90ff47a0650077f6aa699bee35798"
    dependencies:
      babel-runtime "^6.0.0"
  
  babel-plugin-transform-es2015-unicode-regex@^6.3.13:
    version "6.11.0"
    resolved "https://registry.yarnpkg.com/babel-plugin-transform-es2015-unicode-regex/-/babel-plugin-transform-es2015-unicode-regex-6.11.0.tgz#6298ceabaad88d50a3f4f392d8de997260f6ef2c"
    dependencies:
      babel-helper-regex "^6.8.0"
      babel-runtime "^6.0.0"
      regexpu-core "^2.0.0"
  
  babel-plugin-transform-exponentiation-operator@^6.3.13:
    version "6.8.0"
    resolved "https://registry.yarnpkg.com/babel-plugin-transform-exponentiation-operator/-/babel-plugin-transform-exponentiation-operator-6.8.0.tgz#db25742e9339eade676ca9acec46f955599a68a4"
    dependencies:
      babel-helper-builder-binary-assignment-operator-visitor "^6.8.0"
      babel-plugin-syntax-exponentiation-operator "^6.8.0"
      babel-runtime "^6.0.0"
  
  babel-plugin-transform-regenerator@^6.16.0:
    version "6.21.0"
    resolved "https://registry.yarnpkg.com/babel-plugin-transform-regenerator/-/babel-plugin-transform-regenerator-6.21.0.tgz#75d0c7e7f84f379358f508451c68a2c5fa5a9703"
    dependencies:
      regenerator-transform "0.9.8"
  
  babel-plugin-transform-strict-mode@^6.18.0:
    version "6.18.0"
    resolved "https://registry.yarnpkg.com/babel-plugin-transform-strict-mode/-/babel-plugin-transform-strict-mode-6.18.0.tgz#df7cf2991fe046f44163dcd110d5ca43bc652b9d"
    dependencies:
      babel-runtime "^6.0.0"
      babel-types "^6.18.0"
  
  babel-preset-es2015@^6.16.0:
    version "6.18.0"
    resolved "https://registry.yarnpkg.com/babel-preset-es2015/-/babel-preset-es2015-6.18.0.tgz#b8c70df84ec948c43dcf2bf770e988eb7da88312"
    dependencies:
      babel-plugin-check-es2015-constants "^6.3.13"
      babel-plugin-transform-es2015-arrow-functions "^6.3.13"
      babel-plugin-transform-es2015-block-scoped-functions "^6.3.13"
      babel-plugin-transform-es2015-block-scoping "^6.18.0"
      babel-plugin-transform-es2015-classes "^6.18.0"
      babel-plugin-transform-es2015-computed-properties "^6.3.13"
      babel-plugin-transform-es2015-destructuring "^6.18.0"
      babel-plugin-transform-es2015-duplicate-keys "^6.6.0"
      babel-plugin-transform-es2015-for-of "^6.18.0"
      babel-plugin-transform-es2015-function-name "^6.9.0"
      babel-plugin-transform-es2015-literals "^6.3.13"
      babel-plugin-transform-es2015-modules-amd "^6.18.0"
      babel-plugin-transform-es2015-modules-commonjs "^6.18.0"
      babel-plugin-transform-es2015-modules-systemjs "^6.18.0"
      babel-plugin-transform-es2015-modules-umd "^6.18.0"
      babel-plugin-transform-es2015-object-super "^6.3.13"
      babel-plugin-transform-es2015-parameters "^6.18.0"
      babel-plugin-transform-es2015-shorthand-properties "^6.18.0"
      babel-plugin-transform-es2015-spread "^6.3.13"
      babel-plugin-transform-es2015-sticky-regex "^6.3.13"
      babel-plugin-transform-es2015-template-literals "^6.6.0"
      babel-plugin-transform-es2015-typeof-symbol "^6.18.0"
      babel-plugin-transform-es2015-unicode-regex "^6.3.13"
      babel-plugin-transform-regenerator "^6.16.0"
  
  babel-preset-es2016@^6.16.0:
    version "6.16.0"
    resolved "https://registry.yarnpkg.com/babel-preset-es2016/-/babel-preset-es2016-6.16.0.tgz#c7daf5feedeee99c867813bdf0d573d94ca12812"
    dependencies:
      babel-plugin-transform-exponentiation-operator "^6.3.13"
  
  babel-preset-es2017@^6.16.0:
    version "6.16.0"
    resolved "https://registry.yarnpkg.com/babel-preset-es2017/-/babel-preset-es2017-6.16.0.tgz#536c6287778a758948ddd092b466b6ef50b786fa"
    dependencies:
      babel-plugin-syntax-trailing-function-commas "^6.8.0"
      babel-plugin-transform-async-to-generator "^6.16.0"
  
  babel-preset-latest:
    version "6.16.0"
    resolved "https://registry.yarnpkg.com/babel-preset-latest/-/babel-preset-latest-6.16.0.tgz#5b87e19e250bb1213f13af4ec9dc7a51d53f388d"
    dependencies:
      babel-preset-es2015 "^6.16.0"
      babel-preset-es2016 "^6.16.0"
      babel-preset-es2017 "^6.16.0"
  
  babel-register@^6.18.0:
    version "6.18.0"
    resolved "https://registry.yarnpkg.com/babel-register/-/babel-register-6.18.0.tgz#892e2e03865078dd90ad2c715111ec4449b32a68"
    dependencies:
      babel-core "^6.18.0"
      babel-runtime "^6.11.6"
      core-js "^2.4.0"
      home-or-tmp "^2.0.0"
      lodash "^4.2.0"
      mkdirp "^0.5.1"
      source-map-support "^0.4.2"
  
  babel-runtime:
    version "6.18.0"
    resolved "https://registry.yarnpkg.com/babel-runtime/-/babel-runtime-6.18.0.tgz#0f4177ffd98492ef13b9f823e9994a02584c9078"
    dependencies:
      core-js "^2.4.0"
      regenerator-runtime "^0.9.5"
  
  babel-runtime@^6.0.0, babel-runtime@^6.11.6, babel-runtime@^6.18.0, babel-runtime@^6.20.0, babel-runtime@^6.9.0:
    version "6.20.0"
    resolved "https://registry.yarnpkg.com/babel-runtime/-/babel-runtime-6.20.0.tgz#87300bdcf4cd770f09bf0048c64204e17806d16f"
    dependencies:
      core-js "^2.4.0"
      regenerator-runtime "^0.10.0"
  
  babel-template@^6.14.0, babel-template@^6.15.0, babel-template@^6.16.0, babel-template@^6.8.0:
    version "6.16.0"
    resolved "https://registry.yarnpkg.com/babel-template/-/babel-template-6.16.0.tgz#e149dd1a9f03a35f817ddbc4d0481988e7ebc8ca"
    dependencies:
      babel-runtime "^6.9.0"
      babel-traverse "^6.16.0"
      babel-types "^6.16.0"
      babylon "^6.11.0"
      lodash "^4.2.0"
  
  babel-traverse@^6.16.0, babel-traverse@^6.18.0, babel-traverse@^6.20.0, babel-traverse@^6.21.0:
    version "6.21.0"
    resolved "https://registry.yarnpkg.com/babel-traverse/-/babel-traverse-6.21.0.tgz#69c6365804f1a4f69eb1213f85b00a818b8c21ad"
    dependencies:
      babel-code-frame "^6.20.0"
      babel-messages "^6.8.0"
      babel-runtime "^6.20.0"
      babel-types "^6.21.0"
      babylon "^6.11.0"
      debug "^2.2.0"
      globals "^9.0.0"
      invariant "^2.2.0"
      lodash "^4.2.0"
  
  babel-types@^6.16.0, babel-types@^6.18.0, babel-types@^6.19.0, babel-types@^6.20.0, babel-types@^6.21.0, babel-types@^6.8.0, babel-types@^6.9.0:
    version "6.21.0"
    resolved "https://registry.yarnpkg.com/babel-types/-/babel-types-6.21.0.tgz#314b92168891ef6d3806b7f7a917fdf87c11a4b2"
    dependencies:
      babel-runtime "^6.20.0"
      esutils "^2.0.2"
      lodash "^4.2.0"
      to-fast-properties "^1.0.1"
  
  babylon@^6.11.0:
    version "6.14.1"
    resolved "https://registry.yarnpkg.com/babylon/-/babylon-6.14.1.tgz#956275fab72753ad9b3435d7afe58f8bf0a29815"
  
  balanced-match@^0.4.1:
    version "0.4.2"
    resolved "https://registry.yarnpkg.com/balanced-match/-/balanced-match-0.4.2.tgz#cb3f3e3c732dc0f01ee70b403f302e61d7709838"
  
  base64-js@^1.0.2:
    version "1.2.0"
    resolved "https://registry.yarnpkg.com/base64-js/-/base64-js-1.2.0.tgz#a39992d723584811982be5e290bb6a53d86700f1"
  
  Base64@~0.2.0:
    version "0.2.1"
    resolved "https://registry.yarnpkg.com/Base64/-/Base64-0.2.1.tgz#ba3a4230708e186705065e66babdd4c35cf60028"
  
  bcrypt-pbkdf@^1.0.0:
    version "1.0.0"
    resolved "https://registry.yarnpkg.com/bcrypt-pbkdf/-/bcrypt-pbkdf-1.0.0.tgz#3ca76b85241c7170bf7d9703e7b9aa74630040d4"
    dependencies:
      tweetnacl "^0.14.3"
  
  beeper@^1.0.0:
    version "1.1.1"
    resolved "https://registry.yarnpkg.com/beeper/-/beeper-1.1.1.tgz#e6d5ea8c5dad001304a70b22638447f69cb2f809"
  
  block-stream@*:
    version "0.0.9"
    resolved "https://registry.yarnpkg.com/block-stream/-/block-stream-0.0.9.tgz#13ebfe778a03205cfe03751481ebb4b3300c126a"
    dependencies:
      inherits "~2.0.0"
  
  bn.js@^4.0.0, bn.js@^4.1.0, bn.js@^4.1.1, bn.js@^4.4.0:
    version "4.11.6"
    resolved "https://registry.yarnpkg.com/bn.js/-/bn.js-4.11.6.tgz#53344adb14617a13f6e8dd2ce28905d1c0ba3215"
  
  boom@2.x.x:
    version "2.10.1"
    resolved "https://registry.yarnpkg.com/boom/-/boom-2.10.1.tgz#39c8918ceff5799f83f9492a848f625add0c766f"
    dependencies:
      hoek "2.x.x"
  
  brace-expansion@^1.0.0:
    version "1.1.6"
    resolved "https://registry.yarnpkg.com/brace-expansion/-/brace-expansion-1.1.6.tgz#7197d7eaa9b87e648390ea61fc66c84427420df9"
    dependencies:
      balanced-match "^0.4.1"
      concat-map "0.0.1"
  
  brorand@^1.0.1:
    version "1.0.6"
    resolved "https://registry.yarnpkg.com/brorand/-/brorand-1.0.6.tgz#4028706b915f91f7b349a2e0bf3c376039d216e5"
  
  browserify-aes@^1.0.0, browserify-aes@^1.0.4:
    version "1.0.6"
    resolved "https://registry.yarnpkg.com/browserify-aes/-/browserify-aes-1.0.6.tgz#5e7725dbdef1fd5930d4ebab48567ce451c48a0a"
    dependencies:
      buffer-xor "^1.0.2"
      cipher-base "^1.0.0"
      create-hash "^1.1.0"
      evp_bytestokey "^1.0.0"
      inherits "^2.0.1"
  
  browserify-cipher@^1.0.0:
    version "1.0.0"
    resolved "https://registry.yarnpkg.com/browserify-cipher/-/browserify-cipher-1.0.0.tgz#9988244874bf5ed4e28da95666dcd66ac8fc363a"
    dependencies:
      browserify-aes "^1.0.4"
      browserify-des "^1.0.0"
      evp_bytestokey "^1.0.0"
  
  browserify-des@^1.0.0:
    version "1.0.0"
    resolved "https://registry.yarnpkg.com/browserify-des/-/browserify-des-1.0.0.tgz#daa277717470922ed2fe18594118a175439721dd"
    dependencies:
      cipher-base "^1.0.1"
      des.js "^1.0.0"
      inherits "^2.0.1"
  
  browserify-rsa@^4.0.0:
    version "4.0.1"
    resolved "https://registry.yarnpkg.com/browserify-rsa/-/browserify-rsa-4.0.1.tgz#21e0abfaf6f2029cf2fafb133567a701d4135524"
    dependencies:
      bn.js "^4.1.0"
      randombytes "^2.0.1"
  
  browserify-sign@^4.0.0:
    version "4.0.0"
    resolved "https://registry.yarnpkg.com/browserify-sign/-/browserify-sign-4.0.0.tgz#10773910c3c206d5420a46aad8694f820b85968f"
    dependencies:
      bn.js "^4.1.1"
      browserify-rsa "^4.0.0"
      create-hash "^1.1.0"
      create-hmac "^1.1.2"
      elliptic "^6.0.0"
      inherits "^2.0.1"
      parse-asn1 "^5.0.0"
  
  browserify-zlib@^0.1.4:
    version "0.1.4"
    resolved "https://registry.yarnpkg.com/browserify-zlib/-/browserify-zlib-0.1.4.tgz#bb35f8a519f600e0fa6b8485241c979d0141fb2d"
    dependencies:
      pako "~0.2.0"
  
  buffer-shims@^1.0.0:
    version "1.0.0"
    resolved "https://registry.yarnpkg.com/buffer-shims/-/buffer-shims-1.0.0.tgz#9978ce317388c649ad8793028c3477ef044a8b51"
  
  buffer-xor@^1.0.2:
    version "1.0.3"
    resolved "https://registry.yarnpkg.com/buffer-xor/-/buffer-xor-1.0.3.tgz#26e61ed1422fb70dd42e6e36729ed51d855fe8d9"
  
  buffer@^4.9.1:
    version "4.9.1"
    resolved "https://registry.yarnpkg.com/buffer/-/buffer-4.9.1.tgz#6d1bb601b07a4efced97094132093027c95bc298"
    dependencies:
      base64-js "^1.0.2"
      ieee754 "^1.1.4"
      isarray "^1.0.0"
  
  builtin-modules@^1.0.0:
    version "1.1.1"
    resolved "https://registry.yarnpkg.com/builtin-modules/-/builtin-modules-1.1.1.tgz#270f076c5a72c02f5b65a47df94c5fe3a278892f"
  
  camelcase-keys@^2.0.0:
    version "2.1.0"
    resolved "https://registry.yarnpkg.com/camelcase-keys/-/camelcase-keys-2.1.0.tgz#308beeaffdf28119051efa1d932213c91b8f92e7"
    dependencies:
      camelcase "^2.0.0"
      map-obj "^1.0.0"
  
  camelcase@^2.0.0:
    version "2.1.1"
    resolved "https://registry.yarnpkg.com/camelcase/-/camelcase-2.1.1.tgz#7c1d16d679a1bbe59ca02cacecfb011e201f5a1f"
  
  camelcase@^3.0.0:
    version "3.0.0"
    resolved "https://registry.yarnpkg.com/camelcase/-/camelcase-3.0.0.tgz#32fc4b9fcdaf845fcdf7e73bb97cac2261f0ab0a"
  
  caseless@~0.11.0:
    version "0.11.0"
    resolved "https://registry.yarnpkg.com/caseless/-/caseless-0.11.0.tgz#715b96ea9841593cc33067923f5ec60ebda4f7d7"
  
  chai-spies@0.7.1:
    version "0.7.1"
    resolved "http://registry.npmjs.org/chai-spies/-/chai-spies-0.7.1.tgz#343d99f51244212e8b17e64b93996ff7b2c2a9b1"
  
  chai@3.5.0:
    version "3.5.0"
    resolved "https://registry.yarnpkg.com/chai/-/chai-3.5.0.tgz#4d02637b067fe958bdbfdd3a40ec56fef7373247"
    dependencies:
      assertion-error "^1.0.1"
      deep-eql "^0.1.3"
      type-detect "^1.0.0"
  
  chalk@^1.0.0, chalk@^1.1.0, chalk@^1.1.1:
    version "1.1.3"
    resolved "https://registry.yarnpkg.com/chalk/-/chalk-1.1.3.tgz#a8115c55e4a702fe4d150abd3872822a7e09fc98"
    dependencies:
      ansi-styles "^2.2.1"
      escape-string-regexp "^1.0.2"
      has-ansi "^2.0.0"
      strip-ansi "^3.0.0"
      supports-color "^2.0.0"
  
  cipher-base@^1.0.0, cipher-base@^1.0.1:
    version "1.0.3"
    resolved "https://registry.yarnpkg.com/cipher-base/-/cipher-base-1.0.3.tgz#eeabf194419ce900da3018c207d212f2a6df0a07"
    dependencies:
      inherits "^2.0.1"
  
  cliui@^3.2.0:
    version "3.2.0"
    resolved "https://registry.yarnpkg.com/cliui/-/cliui-3.2.0.tgz#120601537a916d29940f934da3b48d585a39213d"
    dependencies:
      string-width "^1.0.1"
      strip-ansi "^3.0.1"
      wrap-ansi "^2.0.0"
  
  clone-stats@^0.0.1:
    version "0.0.1"
    resolved "https://registry.yarnpkg.com/clone-stats/-/clone-stats-0.0.1.tgz#b88f94a82cf38b8791d58046ea4029ad88ca99d1"
  
  clone@^1.0.0:
    version "1.0.2"
    resolved "https://registry.yarnpkg.com/clone/-/clone-1.0.2.tgz#260b7a99ebb1edfe247538175f783243cb19d149"
  
  code-point-at@^1.0.0:
    version "1.1.0"
    resolved "https://registry.yarnpkg.com/code-point-at/-/code-point-at-1.1.0.tgz#0d070b4d043a5bea33a2f1a40e2edb3d9a4ccf77"
  
  combined-stream@^1.0.5, combined-stream@~1.0.5:
    version "1.0.5"
    resolved "https://registry.yarnpkg.com/combined-stream/-/combined-stream-1.0.5.tgz#938370a57b4a51dea2c77c15d5c5fdf895164009"
    dependencies:
      delayed-stream "~1.0.0"
  
  commander@^2.9.0:
    version "2.9.0"
    resolved "https://registry.yarnpkg.com/commander/-/commander-2.9.0.tgz#9c99094176e12240cb22d6c5146098400fe0f7d4"
    dependencies:
      graceful-readlink ">= 1.0.0"
  
  concat-map@0.0.1:
    version "0.0.1"
    resolved "https://registry.yarnpkg.com/concat-map/-/concat-map-0.0.1.tgz#d8a96bd77fd68df7793a73036a3ba0d5405d477b"
  
  console-browserify@^1.1.0:
    version "1.1.0"
    resolved "https://registry.yarnpkg.com/console-browserify/-/console-browserify-1.1.0.tgz#f0241c45730a9fc6323b206dbf38edc741d0bb10"
    dependencies:
      date-now "^0.1.4"
  
  console-control-strings@^1.0.0, console-control-strings@~1.1.0:
    version "1.1.0"
    resolved "https://registry.yarnpkg.com/console-control-strings/-/console-control-strings-1.1.0.tgz#3d7cf4464db6446ea644bf4b39507f9851008e8e"
  
  constants-browserify@^1.0.0:
    version "1.0.0"
    resolved "https://registry.yarnpkg.com/constants-browserify/-/constants-browserify-1.0.0.tgz#c20b96d8c617748aaf1c16021760cd27fcb8cb75"
  
  convert-source-map@^1.1.0:
    version "1.3.0"
    resolved "https://registry.yarnpkg.com/convert-source-map/-/convert-source-map-1.3.0.tgz#e9f3e9c6e2728efc2676696a70eb382f73106a67"
  
  core-js@^2.4.0:
    version "2.4.1"
    resolved "https://registry.yarnpkg.com/core-js/-/core-js-2.4.1.tgz#4de911e667b0eae9124e34254b53aea6fc618d3e"
  
  core-util-is@~1.0.0:
    version "1.0.2"
    resolved "https://registry.yarnpkg.com/core-util-is/-/core-util-is-1.0.2.tgz#b5fd54220aa2bc5ab57aab7140c940754503c1a7"
  
  create-ecdh@^4.0.0:
    version "4.0.0"
    resolved "https://registry.yarnpkg.com/create-ecdh/-/create-ecdh-4.0.0.tgz#888c723596cdf7612f6498233eebd7a35301737d"
    dependencies:
      bn.js "^4.1.0"
      elliptic "^6.0.0"
  
  create-hash@^1.1.0, create-hash@^1.1.1:
    version "1.1.2"
    resolved "https://registry.yarnpkg.com/create-hash/-/create-hash-1.1.2.tgz#51210062d7bb7479f6c65bb41a92208b1d61abad"
    dependencies:
      cipher-base "^1.0.1"
      inherits "^2.0.1"
      ripemd160 "^1.0.0"
      sha.js "^2.3.6"
  
  create-hmac@^1.1.0, create-hmac@^1.1.2:
    version "1.1.4"
    resolved "https://registry.yarnpkg.com/create-hmac/-/create-hmac-1.1.4.tgz#d3fb4ba253eb8b3f56e39ea2fbcb8af747bd3170"
    dependencies:
      create-hash "^1.1.0"
      inherits "^2.0.1"
  
  cross-spawn@^3.0.0:
    version "3.0.1"
    resolved "https://registry.yarnpkg.com/cross-spawn/-/cross-spawn-3.0.1.tgz#1256037ecb9f0c5f79e3d6ef135e30770184b982"
    dependencies:
      lru-cache "^4.0.1"
      which "^1.2.9"
  
  cryptiles@2.x.x:
    version "2.0.5"
    resolved "https://registry.yarnpkg.com/cryptiles/-/cryptiles-2.0.5.tgz#3bdfecdc608147c1c67202fa291e7dca59eaa3b8"
    dependencies:
      boom "2.x.x"
  
  crypto-browserify@^3.11.0:
    version "3.11.0"
    resolved "https://registry.yarnpkg.com/crypto-browserify/-/crypto-browserify-3.11.0.tgz#3652a0906ab9b2a7e0c3ce66a408e957a2485522"
    dependencies:
      browserify-cipher "^1.0.0"
      browserify-sign "^4.0.0"
      create-ecdh "^4.0.0"
      create-hash "^1.1.0"
      create-hmac "^1.1.0"
      diffie-hellman "^5.0.0"
      inherits "^2.0.1"
      pbkdf2 "^3.0.3"
      public-encrypt "^4.0.0"
      randombytes "^2.0.0"
  
  currently-unhandled@^0.4.1:
    version "0.4.1"
    resolved "https://registry.yarnpkg.com/currently-unhandled/-/currently-unhandled-0.4.1.tgz#988df33feab191ef799a61369dd76c17adf957ea"
    dependencies:
      array-find-index "^1.0.1"
  
  d@^0.1.1, d@~0.1.1:
    version "0.1.1"
    resolved "https://registry.yarnpkg.com/d/-/d-0.1.1.tgz#da184c535d18d8ee7ba2aa229b914009fae11309"
    dependencies:
      es5-ext "~0.10.2"
  
  dashdash@^1.12.0:
    version "1.14.1"
    resolved "https://registry.yarnpkg.com/dashdash/-/dashdash-1.14.1.tgz#853cfa0f7cbe2fed5de20326b8dd581035f6e2f0"
    dependencies:
      assert-plus "^1.0.0"
  
  date-now@^0.1.4:
    version "0.1.4"
    resolved "https://registry.yarnpkg.com/date-now/-/date-now-0.1.4.tgz#eaf439fd4d4848ad74e5cc7dbef200672b9e345b"
  
  dateformat@^2.0.0:
    version "2.0.0"
    resolved "https://registry.yarnpkg.com/dateformat/-/dateformat-2.0.0.tgz#2743e3abb5c3fc2462e527dca445e04e9f4dee17"
  
  debug@^2.1.1, debug@^2.2.0:
    version "2.6.0"
    resolved "https://registry.yarnpkg.com/debug/-/debug-2.6.0.tgz#bc596bcabe7617f11d9fa15361eded5608b8499b"
    dependencies:
      ms "0.7.2"
  
  decamelize@^1.1.1, decamelize@^1.1.2:
    version "1.2.0"
    resolved "https://registry.yarnpkg.com/decamelize/-/decamelize-1.2.0.tgz#f6534d15148269b20352e7bee26f501f9a191290"
  
  deep-eql@^0.1.3:
    version "0.1.3"
    resolved "https://registry.yarnpkg.com/deep-eql/-/deep-eql-0.1.3.tgz#ef558acab8de25206cd713906d74e56930eb69f2"
    dependencies:
      type-detect "0.1.1"
  
  del:
    version "2.2.2"
    resolved "https://registry.yarnpkg.com/del/-/del-2.2.2.tgz#c12c981d067846c84bcaf862cff930d907ffd1a8"
    dependencies:
      globby "^5.0.0"
      is-path-cwd "^1.0.0"
      is-path-in-cwd "^1.0.0"
      object-assign "^4.0.1"
      pify "^2.0.0"
      pinkie-promise "^2.0.0"
      rimraf "^2.2.8"
  
  delayed-stream@~1.0.0:
    version "1.0.0"
    resolved "https://registry.yarnpkg.com/delayed-stream/-/delayed-stream-1.0.0.tgz#df3ae199acadfb7d440aaae0b29e2272b24ec619"
  
  delegates@^1.0.0:
    version "1.0.0"
    resolved "https://registry.yarnpkg.com/delegates/-/delegates-1.0.0.tgz#84c6e159b81904fdca59a0ef44cd870d31250f9a"
  
  des.js@^1.0.0:
    version "1.0.0"
    resolved "https://registry.yarnpkg.com/des.js/-/des.js-1.0.0.tgz#c074d2e2aa6a8a9a07dbd61f9a15c2cd83ec8ecc"
    dependencies:
      inherits "^2.0.1"
      minimalistic-assert "^1.0.0"
  
  detect-indent@^4.0.0:
    version "4.0.0"
    resolved "https://registry.yarnpkg.com/detect-indent/-/detect-indent-4.0.0.tgz#f76d064352cdf43a1cb6ce619c4ee3a9475de208"
    dependencies:
      repeating "^2.0.0"
  
  diffie-hellman@^5.0.0:
    version "5.0.2"
    resolved "https://registry.yarnpkg.com/diffie-hellman/-/diffie-hellman-5.0.2.tgz#b5835739270cfe26acf632099fded2a07f209e5e"
    dependencies:
      bn.js "^4.1.0"
      miller-rabin "^4.0.0"
      randombytes "^2.0.0"
  
  domain-browser@^1.1.7:
    version "1.1.7"
    resolved "https://registry.yarnpkg.com/domain-browser/-/domain-browser-1.1.7.tgz#867aa4b093faa05f1de08c06f4d7b21fdf8698bc"
  
  duplexer2@0.0.2:
    version "0.0.2"
    resolved "https://registry.yarnpkg.com/duplexer2/-/duplexer2-0.0.2.tgz#c614dcf67e2fb14995a91711e5a617e8a60a31db"
    dependencies:
      readable-stream "~1.1.9"
  
  ecc-jsbn@~0.1.1:
    version "0.1.1"
    resolved "https://registry.yarnpkg.com/ecc-jsbn/-/ecc-jsbn-0.1.1.tgz#0fc73a9ed5f0d53c38193398523ef7e543777505"
    dependencies:
      jsbn "~0.1.0"
  
  elliptic@^6.0.0:
    version "6.3.2"
    resolved "https://registry.yarnpkg.com/elliptic/-/elliptic-6.3.2.tgz#e4c81e0829cf0a65ab70e998b8232723b5c1bc48"
    dependencies:
      bn.js "^4.4.0"
      brorand "^1.0.1"
      hash.js "^1.0.0"
      inherits "^2.0.1"
  
  error-ex@^1.2.0:
    version "1.3.0"
    resolved "https://registry.yarnpkg.com/error-ex/-/error-ex-1.3.0.tgz#e67b43f3e82c96ea3a584ffee0b9fc3325d802d9"
    dependencies:
      is-arrayish "^0.2.1"
  
  es5-ext@^0.10.7, es5-ext@~0.10.11, es5-ext@~0.10.2:
    version "0.10.12"
    resolved "https://registry.yarnpkg.com/es5-ext/-/es5-ext-0.10.12.tgz#aa84641d4db76b62abba5e45fd805ecbab140047"
    dependencies:
      es6-iterator "2"
      es6-symbol "~3.1"
  
  es6-iterator@2:
    version "2.0.0"
    resolved "https://registry.yarnpkg.com/es6-iterator/-/es6-iterator-2.0.0.tgz#bd968567d61635e33c0b80727613c9cb4b096bac"
    dependencies:
      d "^0.1.1"
      es5-ext "^0.10.7"
      es6-symbol "3"
  
  es6-symbol@^3.0.2, es6-symbol@~3.1, es6-symbol@3:
    version "3.1.0"
    resolved "https://registry.yarnpkg.com/es6-symbol/-/es6-symbol-3.1.0.tgz#94481c655e7a7cad82eba832d97d5433496d7ffa"
    dependencies:
      d "~0.1.1"
      es5-ext "~0.10.11"
  
  escape-string-regexp@^1.0.2:
    version "1.0.5"
    resolved "https://registry.yarnpkg.com/escape-string-regexp/-/escape-string-regexp-1.0.5.tgz#1b61c0562190a8dff6ae3bb2cf0200ca130b86d4"
  
  esutils@^2.0.2:
    version "2.0.2"
    resolved "https://registry.yarnpkg.com/esutils/-/esutils-2.0.2.tgz#0abf4f1caa5bcb1f7a9d8acc6dea4faaa04bac9b"
  
  events@^1.1.1:
    version "1.1.1"
    resolved "https://registry.yarnpkg.com/events/-/events-1.1.1.tgz#9ebdb7635ad099c70dcc4c2a1f5004288e8bd924"
  
  evp_bytestokey@^1.0.0:
    version "1.0.0"
    resolved "https://registry.yarnpkg.com/evp_bytestokey/-/evp_bytestokey-1.0.0.tgz#497b66ad9fef65cd7c08a6180824ba1476b66e53"
    dependencies:
      create-hash "^1.1.1"
  
  extend@~3.0.0:
    version "3.0.0"
    resolved "https://registry.yarnpkg.com/extend/-/extend-3.0.0.tgz#5a474353b9f3353ddd8176dfd37b91c83a46f1d4"
  
  extsprintf@1.0.2:
    version "1.0.2"
    resolved "https://registry.yarnpkg.com/extsprintf/-/extsprintf-1.0.2.tgz#e1080e0658e300b06294990cc70e1502235fd550"
  
  fancy-log@^1.1.0:
    version "1.3.0"
    resolved "https://registry.yarnpkg.com/fancy-log/-/fancy-log-1.3.0.tgz#45be17d02bb9917d60ccffd4995c999e6c8c9948"
    dependencies:
      chalk "^1.1.1"
      time-stamp "^1.0.0"
  
  find-up@^1.0.0:
    version "1.1.2"
    resolved "https://registry.yarnpkg.com/find-up/-/find-up-1.1.2.tgz#6b2e9822b1a2ce0a60ab64d610eccad53cb24d0f"
    dependencies:
      path-exists "^2.0.0"
      pinkie-promise "^2.0.0"
  
  forever-agent@~0.6.1:
    version "0.6.1"
    resolved "https://registry.yarnpkg.com/forever-agent/-/forever-agent-0.6.1.tgz#fbc71f0c41adeb37f96c577ad1ed42d8fdacca91"
  
  form-data@~2.1.1:
    version "2.1.2"
    resolved "https://registry.yarnpkg.com/form-data/-/form-data-2.1.2.tgz#89c3534008b97eada4cbb157d58f6f5df025eae4"
    dependencies:
      asynckit "^0.4.0"
      combined-stream "^1.0.5"
      mime-types "^2.1.12"
  
  fs.realpath@^1.0.0:
    version "1.0.0"
    resolved "https://registry.yarnpkg.com/fs.realpath/-/fs.realpath-1.0.0.tgz#1504ad2523158caa40db4a2787cb01411994ea4f"
  
  fstream@^1.0.0, fstream@^1.0.2:
    version "1.0.10"
    resolved "https://registry.yarnpkg.com/fstream/-/fstream-1.0.10.tgz#604e8a92fe26ffd9f6fae30399d4984e1ab22822"
    dependencies:
      graceful-fs "^4.1.2"
      inherits "~2.0.0"
      mkdirp ">=0.5 0"
      rimraf "2"
  
  gauge@~2.6.0:
    version "2.6.0"
    resolved "https://registry.yarnpkg.com/gauge/-/gauge-2.6.0.tgz#d35301ad18e96902b4751dcbbe40f4218b942a46"
    dependencies:
      aproba "^1.0.3"
      console-control-strings "^1.0.0"
      has-color "^0.1.7"
      has-unicode "^2.0.0"
      object-assign "^4.1.0"
      signal-exit "^3.0.0"
      string-width "^1.0.1"
      strip-ansi "^3.0.1"
      wide-align "^1.1.0"
  
  gauge@~2.7.1:
    version "2.7.2"
    resolved "https://registry.yarnpkg.com/gauge/-/gauge-2.7.2.tgz#15cecc31b02d05345a5d6b0e171cdb3ad2307774"
    dependencies:
      aproba "^1.0.3"
      console-control-strings "^1.0.0"
      has-unicode "^2.0.0"
      object-assign "^4.1.0"
      signal-exit "^3.0.0"
      string-width "^1.0.1"
      strip-ansi "^3.0.1"
      supports-color "^0.2.0"
      wide-align "^1.1.0"
  
  gaze@^1.0.0:
    version "1.1.2"
    resolved "https://registry.yarnpkg.com/gaze/-/gaze-1.1.2.tgz#847224677adb8870d679257ed3388fdb61e40105"
    dependencies:
      globule "^1.0.0"
  
  generate-function@^2.0.0:
    version "2.0.0"
    resolved "https://registry.yarnpkg.com/generate-function/-/generate-function-2.0.0.tgz#6858fe7c0969b7d4e9093337647ac79f60dfbe74"
  
  generate-object-property@^1.1.0:
    version "1.2.0"
    resolved "https://registry.yarnpkg.com/generate-object-property/-/generate-object-property-1.2.0.tgz#9c0e1c40308ce804f4783618b937fa88f99d50d0"
    dependencies:
      is-property "^1.0.0"
  
  get-caller-file@^1.0.1:
    version "1.0.2"
    resolved "https://registry.yarnpkg.com/get-caller-file/-/get-caller-file-1.0.2.tgz#f702e63127e7e231c160a80c1554acb70d5047e5"
  
  get-stdin@^4.0.1:
    version "4.0.1"
    resolved "https://registry.yarnpkg.com/get-stdin/-/get-stdin-4.0.1.tgz#b968c6b0a04384324902e8bf1a5df32579a450fe"
  
  getpass@^0.1.1:
    version "0.1.6"
    resolved "https://registry.yarnpkg.com/getpass/-/getpass-0.1.6.tgz#283ffd9fc1256840875311c1b60e8c40187110e6"
    dependencies:
      assert-plus "^1.0.0"
  
  glob@^7.0.0, glob@^7.0.3, glob@^7.0.5, glob@~7.1.1:
    version "7.1.1"
    resolved "https://registry.yarnpkg.com/glob/-/glob-7.1.1.tgz#805211df04faaf1c63a3600306cdf5ade50b2ec8"
    dependencies:
      fs.realpath "^1.0.0"
      inflight "^1.0.4"
      inherits "2"
      minimatch "^3.0.2"
      once "^1.3.0"
      path-is-absolute "^1.0.0"
  
  globals@^9.0.0:
    version "9.14.0"
    resolved "https://registry.yarnpkg.com/globals/-/globals-9.14.0.tgz#8859936af0038741263053b39d0e76ca241e4034"
  
  globby@^5.0.0:
    version "5.0.0"
    resolved "https://registry.yarnpkg.com/globby/-/globby-5.0.0.tgz#ebd84667ca0dbb330b99bcfc68eac2bc54370e0d"
    dependencies:
      array-union "^1.0.1"
      arrify "^1.0.0"
      glob "^7.0.3"
      object-assign "^4.0.1"
      pify "^2.0.0"
      pinkie-promise "^2.0.0"
  
  globule@^1.0.0:
    version "1.1.0"
    resolved "https://registry.yarnpkg.com/globule/-/globule-1.1.0.tgz#c49352e4dc183d85893ee825385eb994bb6df45f"
    dependencies:
      glob "~7.1.1"
      lodash "~4.16.4"
      minimatch "~3.0.2"
  
  glogg@^1.0.0:
    version "1.0.0"
    resolved "https://registry.yarnpkg.com/glogg/-/glogg-1.0.0.tgz#7fe0f199f57ac906cf512feead8f90ee4a284fc5"
    dependencies:
      sparkles "^1.0.0"
  
  graceful-fs@^4.1.2:
    version "4.1.11"
    resolved "https://registry.yarnpkg.com/graceful-fs/-/graceful-fs-4.1.11.tgz#0e8bdfe4d1ddb8854d64e04ea7c00e2a026e5658"
  
  "graceful-readlink@>= 1.0.0":
    version "1.0.1"
    resolved "https://registry.yarnpkg.com/graceful-readlink/-/graceful-readlink-1.0.1.tgz#4cafad76bc62f02fa039b2f94e9a3dd3a391a725"
  
  gulp-babel:
    version "6.1.2"
    resolved "https://registry.yarnpkg.com/gulp-babel/-/gulp-babel-6.1.2.tgz#7c0176e4ba3f244c60588a0c4b320a45d1adefce"
    dependencies:
      babel-core "^6.0.2"
      gulp-util "^3.0.0"
      object-assign "^4.0.1"
      replace-ext "0.0.1"
      through2 "^2.0.0"
      vinyl-sourcemaps-apply "^0.2.0"
  
  gulp-util@^3.0.0:
    version "3.0.8"
    resolved "https://registry.yarnpkg.com/gulp-util/-/gulp-util-3.0.8.tgz#0054e1e744502e27c04c187c3ecc505dd54bbb4f"
    dependencies:
      array-differ "^1.0.0"
      array-uniq "^1.0.2"
      beeper "^1.0.0"
      chalk "^1.0.0"
      dateformat "^2.0.0"
      fancy-log "^1.1.0"
      gulplog "^1.0.0"
      has-gulplog "^0.1.0"
      lodash._reescape "^3.0.0"
      lodash._reevaluate "^3.0.0"
      lodash._reinterpolate "^3.0.0"
      lodash.template "^3.0.0"
      minimist "^1.1.0"
      multipipe "^0.1.2"
      object-assign "^3.0.0"
      replace-ext "0.0.1"
      through2 "^2.0.0"
      vinyl "^0.5.0"
  
  gulplog@^1.0.0:
    version "1.0.0"
    resolved "https://registry.yarnpkg.com/gulplog/-/gulplog-1.0.0.tgz#e28c4d45d05ecbbed818363ce8f9c5926229ffe5"
    dependencies:
      glogg "^1.0.0"
  
  har-validator@~2.0.6:
    version "2.0.6"
    resolved "https://registry.yarnpkg.com/har-validator/-/har-validator-2.0.6.tgz#cdcbc08188265ad119b6a5a7c8ab70eecfb5d27d"
    dependencies:
      chalk "^1.1.1"
      commander "^2.9.0"
      is-my-json-valid "^2.12.4"
      pinkie-promise "^2.0.0"
  
  has-ansi@^2.0.0:
    version "2.0.0"
    resolved "https://registry.yarnpkg.com/has-ansi/-/has-ansi-2.0.0.tgz#34f5049ce1ecdf2b0649af3ef24e45ed35416d91"
    dependencies:
      ansi-regex "^2.0.0"
  
  has-color@^0.1.7:
    version "0.1.7"
    resolved "https://registry.yarnpkg.com/has-color/-/has-color-0.1.7.tgz#67144a5260c34fc3cca677d041daf52fe7b78b2f"
  
  has-gulplog@^0.1.0:
    version "0.1.0"
    resolved "https://registry.yarnpkg.com/has-gulplog/-/has-gulplog-0.1.0.tgz#6414c82913697da51590397dafb12f22967811ce"
    dependencies:
      sparkles "^1.0.0"
  
  has-unicode@^2.0.0:
    version "2.0.1"
    resolved "https://registry.yarnpkg.com/has-unicode/-/has-unicode-2.0.1.tgz#e0e6fe6a28cf51138855e086d1691e771de2a8b9"
  
  hash.js@^1.0.0:
    version "1.0.3"
    resolved "https://registry.yarnpkg.com/hash.js/-/hash.js-1.0.3.tgz#1332ff00156c0a0ffdd8236013d07b77a0451573"
    dependencies:
      inherits "^2.0.1"
  
  hawk@~3.1.3:
    version "3.1.3"
    resolved "https://registry.yarnpkg.com/hawk/-/hawk-3.1.3.tgz#078444bd7c1640b0fe540d2c9b73d59678e8e1c4"
    dependencies:
      boom "2.x.x"
      cryptiles "2.x.x"
      hoek "2.x.x"
      sntp "1.x.x"
  
  hoek@2.x.x:
    version "2.16.3"
    resolved "https://registry.yarnpkg.com/hoek/-/hoek-2.16.3.tgz#20bb7403d3cea398e91dc4710a8ff1b8274a25ed"
  
  home-or-tmp@^2.0.0:
    version "2.0.0"
    resolved "https://registry.yarnpkg.com/home-or-tmp/-/home-or-tmp-2.0.0.tgz#e36c3f2d2cae7d746a857e38d18d5f32a7882db8"
    dependencies:
      os-homedir "^1.0.0"
      os-tmpdir "^1.0.1"
  
  hosted-git-info@^2.1.4:
    version "2.1.5"
    resolved "https://registry.yarnpkg.com/hosted-git-info/-/hosted-git-info-2.1.5.tgz#0ba81d90da2e25ab34a332e6ec77936e1598118b"
  
  http-browserify@^1.7.0:
    version "1.7.0"
    resolved "https://registry.yarnpkg.com/http-browserify/-/http-browserify-1.7.0.tgz#33795ade72df88acfbfd36773cefeda764735b20"
    dependencies:
      Base64 "~0.2.0"
      inherits "~2.0.1"
  
  http-signature@~1.1.0:
    version "1.1.1"
    resolved "https://registry.yarnpkg.com/http-signature/-/http-signature-1.1.1.tgz#df72e267066cd0ac67fb76adf8e134a8fbcf91bf"
    dependencies:
      assert-plus "^0.2.0"
      jsprim "^1.2.2"
      sshpk "^1.7.0"
  
  https-browserify@0.0.1:
    version "0.0.1"
    resolved "https://registry.yarnpkg.com/https-browserify/-/https-browserify-0.0.1.tgz#3f91365cabe60b77ed0ebba24b454e3e09d95a82"
  
  ieee754@^1.1.4:
    version "1.1.8"
    resolved "https://registry.yarnpkg.com/ieee754/-/ieee754-1.1.8.tgz#be33d40ac10ef1926701f6f08a2d86fbfd1ad3e4"
  
  in-publish@^2.0.0:
    version "2.0.0"
    resolved "https://registry.yarnpkg.com/in-publish/-/in-publish-2.0.0.tgz#e20ff5e3a2afc2690320b6dc552682a9c7fadf51"
  
  indent-string@^2.1.0:
    version "2.1.0"
    resolved "https://registry.yarnpkg.com/indent-string/-/indent-string-2.1.0.tgz#8e2d48348742121b4a8218b7a137e9a52049dc80"
    dependencies:
      repeating "^2.0.0"
  
  indexof@0.0.1:
    version "0.0.1"
    resolved "https://registry.yarnpkg.com/indexof/-/indexof-0.0.1.tgz#82dc336d232b9062179d05ab3293a66059fd435d"
  
  inflight@^1.0.4:
    version "1.0.6"
    resolved "https://registry.yarnpkg.com/inflight/-/inflight-1.0.6.tgz#49bd6331d7d02d0c09bc910a1075ba8165b56df9"
    dependencies:
      once "^1.3.0"
      wrappy "1"
  
  inherits@^2.0.1, inherits@~2.0.0, inherits@~2.0.1, inherits@2:
    version "2.0.3"
    resolved "https://registry.yarnpkg.com/inherits/-/inherits-2.0.3.tgz#633c2c83e3da42a502f52466022480f4208261de"
  
  inherits@2.0.1:
    version "2.0.1"
    resolved "https://registry.yarnpkg.com/inherits/-/inherits-2.0.1.tgz#b17d08d326b4423e568eff719f91b0b1cbdf69f1"
  
  invariant@^2.2.0:
    version "2.2.2"
    resolved "https://registry.yarnpkg.com/invariant/-/invariant-2.2.2.tgz#9e1f56ac0acdb6bf303306f338be3b204ae60360"
    dependencies:
      loose-envify "^1.0.0"
  
  invert-kv@^1.0.0:
    version "1.0.0"
    resolved "https://registry.yarnpkg.com/invert-kv/-/invert-kv-1.0.0.tgz#104a8e4aaca6d3d8cd157a8ef8bfab2d7a3ffdb6"
  
  is-arrayish@^0.2.1:
    version "0.2.1"
    resolved "https://registry.yarnpkg.com/is-arrayish/-/is-arrayish-0.2.1.tgz#77c99840527aa8ecb1a8ba697b80645a7a926a9d"
  
  is-builtin-module@^1.0.0:
    version "1.0.0"
    resolved "https://registry.yarnpkg.com/is-builtin-module/-/is-builtin-module-1.0.0.tgz#540572d34f7ac3119f8f76c30cbc1b1e037affbe"
    dependencies:
      builtin-modules "^1.0.0"
  
  is-finite@^1.0.0:
    version "1.0.2"
    resolved "https://registry.yarnpkg.com/is-finite/-/is-finite-1.0.2.tgz#cc6677695602be550ef11e8b4aa6305342b6d0aa"
    dependencies:
      number-is-nan "^1.0.0"
  
  is-fullwidth-code-point@^1.0.0:
    version "1.0.0"
    resolved "https://registry.yarnpkg.com/is-fullwidth-code-point/-/is-fullwidth-code-point-1.0.0.tgz#ef9e31386f031a7f0d643af82fde50c457ef00cb"
    dependencies:
      number-is-nan "^1.0.0"
  
  is-my-json-valid@^2.12.4:
    version "2.15.0"
    resolved "https://registry.yarnpkg.com/is-my-json-valid/-/is-my-json-valid-2.15.0.tgz#936edda3ca3c211fd98f3b2d3e08da43f7b2915b"
    dependencies:
      generate-function "^2.0.0"
      generate-object-property "^1.1.0"
      jsonpointer "^4.0.0"
      xtend "^4.0.0"
  
  is-path-cwd@^1.0.0:
    version "1.0.0"
    resolved "https://registry.yarnpkg.com/is-path-cwd/-/is-path-cwd-1.0.0.tgz#d225ec23132e89edd38fda767472e62e65f1106d"
  
  is-path-in-cwd@^1.0.0:
    version "1.0.0"
    resolved "https://registry.yarnpkg.com/is-path-in-cwd/-/is-path-in-cwd-1.0.0.tgz#6477582b8214d602346094567003be8a9eac04dc"
    dependencies:
      is-path-inside "^1.0.0"
  
  is-path-inside@^1.0.0:
    version "1.0.0"
    resolved "https://registry.yarnpkg.com/is-path-inside/-/is-path-inside-1.0.0.tgz#fc06e5a1683fbda13de667aff717bbc10a48f37f"
    dependencies:
      path-is-inside "^1.0.1"
  
  is-property@^1.0.0:
    version "1.0.2"
    resolved "https://registry.yarnpkg.com/is-property/-/is-property-1.0.2.tgz#57fe1c4e48474edd65b09911f26b1cd4095dda84"
  
  is-typedarray@~1.0.0:
    version "1.0.0"
    resolved "https://registry.yarnpkg.com/is-typedarray/-/is-typedarray-1.0.0.tgz#e479c80858df0c1b11ddda6940f96011fcda4a9a"
  
  is-utf8@^0.2.0:
    version "0.2.1"
    resolved "https://registry.yarnpkg.com/is-utf8/-/is-utf8-0.2.1.tgz#4b0da1442104d1b336340e80797e865cf39f7d72"
  
  isarray@^1.0.0, isarray@~1.0.0:
    version "1.0.0"
    resolved "https://registry.yarnpkg.com/isarray/-/isarray-1.0.0.tgz#bb935d48582cba168c06834957a54a3e07124f11"
  
  isarray@0.0.1:
    version "0.0.1"
    resolved "https://registry.yarnpkg.com/isarray/-/isarray-0.0.1.tgz#8a18acfca9a8f4177e09abfc6038939b05d1eedf"
  
  isexe@^1.1.1:
    version "1.1.2"
    resolved "https://registry.yarnpkg.com/isexe/-/isexe-1.1.2.tgz#36f3e22e60750920f5e7241a476a8c6a42275ad0"
  
  isstream@~0.1.2:
    version "0.1.2"
    resolved "https://registry.yarnpkg.com/isstream/-/isstream-0.1.2.tgz#47e63f7af55afa6f92e1500e690eb8b8529c099a"
  
  jodid25519@^1.0.0:
    version "1.0.2"
    resolved "https://registry.yarnpkg.com/jodid25519/-/jodid25519-1.0.2.tgz#06d4912255093419477d425633606e0e90782967"
    dependencies:
      jsbn "~0.1.0"
  
  js-tokens@^2.0.0:
    version "2.0.0"
    resolved "https://registry.yarnpkg.com/js-tokens/-/js-tokens-2.0.0.tgz#79903f5563ee778cc1162e6dcf1a0027c97f9cb5"
  
  jsbn@~0.1.0:
    version "0.1.0"
    resolved "https://registry.yarnpkg.com/jsbn/-/jsbn-0.1.0.tgz#650987da0dd74f4ebf5a11377a2aa2d273e97dfd"
  
  jsesc@^1.3.0:
    version "1.3.0"
    resolved "https://registry.yarnpkg.com/jsesc/-/jsesc-1.3.0.tgz#46c3fec8c1892b12b0833db9bc7622176dbab34b"
  
  jsesc@~0.5.0:
    version "0.5.0"
    resolved "https://registry.yarnpkg.com/jsesc/-/jsesc-0.5.0.tgz#e7dee66e35d6fc16f710fe91d5cf69f70f08911d"
  
  json-schema@0.2.3:
    version "0.2.3"
    resolved "https://registry.yarnpkg.com/json-schema/-/json-schema-0.2.3.tgz#b480c892e59a2f05954ce727bd3f2a4e882f9e13"
  
  json-stringify-safe@~5.0.1:
    version "5.0.1"
    resolved "https://registry.yarnpkg.com/json-stringify-safe/-/json-stringify-safe-5.0.1.tgz#1296a2d58fd45f19a0f6ce01d65701e2c735b6eb"
  
  json5@^0.5.0:
    version "0.5.1"
    resolved "https://registry.yarnpkg.com/json5/-/json5-0.5.1.tgz#1eade7acc012034ad84e2396767ead9fa5495821"
  
  jsonpointer@^4.0.0:
    version "4.0.1"
    resolved "https://registry.yarnpkg.com/jsonpointer/-/jsonpointer-4.0.1.tgz#4fd92cb34e0e9db3c89c8622ecf51f9b978c6cb9"
  
  jsprim@^1.2.2:
    version "1.3.1"
    resolved "https://registry.yarnpkg.com/jsprim/-/jsprim-1.3.1.tgz#2a7256f70412a29ee3670aaca625994c4dcff252"
    dependencies:
      extsprintf "1.0.2"
      json-schema "0.2.3"
      verror "1.3.6"
  
  lcid@^1.0.0:
    version "1.0.0"
    resolved "https://registry.yarnpkg.com/lcid/-/lcid-1.0.0.tgz#308accafa0bc483a3867b4b6f2b9506251d1b835"
    dependencies:
      invert-kv "^1.0.0"
  
  load-json-file@^1.0.0:
    version "1.1.0"
    resolved "https://registry.yarnpkg.com/load-json-file/-/load-json-file-1.1.0.tgz#956905708d58b4bab4c2261b04f59f31c99374c0"
    dependencies:
      graceful-fs "^4.1.2"
      parse-json "^2.2.0"
      pify "^2.0.0"
      pinkie-promise "^2.0.0"
      strip-bom "^2.0.0"
  
  lodash._basecopy@^3.0.0:
    version "3.0.1"
    resolved "https://registry.yarnpkg.com/lodash._basecopy/-/lodash._basecopy-3.0.1.tgz#8da0e6a876cf344c0ad8a54882111dd3c5c7ca36"
  
  lodash._basetostring@^3.0.0:
    version "3.0.1"
    resolved "https://registry.yarnpkg.com/lodash._basetostring/-/lodash._basetostring-3.0.1.tgz#d1861d877f824a52f669832dcaf3ee15566a07d5"
  
  lodash._basevalues@^3.0.0:
    version "3.0.0"
    resolved "https://registry.yarnpkg.com/lodash._basevalues/-/lodash._basevalues-3.0.0.tgz#5b775762802bde3d3297503e26300820fdf661b7"
  
  lodash._getnative@^3.0.0:
    version "3.9.1"
    resolved "https://registry.yarnpkg.com/lodash._getnative/-/lodash._getnative-3.9.1.tgz#570bc7dede46d61cdcde687d65d3eecbaa3aaff5"
  
  lodash._isiterateecall@^3.0.0:
    version "3.0.9"
    resolved "https://registry.yarnpkg.com/lodash._isiterateecall/-/lodash._isiterateecall-3.0.9.tgz#5203ad7ba425fae842460e696db9cf3e6aac057c"
  
  lodash._reescape@^3.0.0:
    version "3.0.0"
    resolved "https://registry.yarnpkg.com/lodash._reescape/-/lodash._reescape-3.0.0.tgz#2b1d6f5dfe07c8a355753e5f27fac7f1cde1616a"
  
  lodash._reevaluate@^3.0.0:
    version "3.0.0"
    resolved "https://registry.yarnpkg.com/lodash._reevaluate/-/lodash._reevaluate-3.0.0.tgz#58bc74c40664953ae0b124d806996daca431e2ed"
  
  lodash._reinterpolate@^3.0.0:
    version "3.0.0"
    resolved "https://registry.yarnpkg.com/lodash._reinterpolate/-/lodash._reinterpolate-3.0.0.tgz#0ccf2d89166af03b3663c796538b75ac6e114d9d"
  
  lodash._root@^3.0.0:
    version "3.0.1"
    resolved "https://registry.yarnpkg.com/lodash._root/-/lodash._root-3.0.1.tgz#fba1c4524c19ee9a5f8136b4609f017cf4ded692"
  
  lodash.assign@^4.0.3, lodash.assign@^4.0.6, lodash.assign@^4.2.0:
    version "4.2.0"
    resolved "https://registry.yarnpkg.com/lodash.assign/-/lodash.assign-4.2.0.tgz#0d99f3ccd7a6d261d19bdaeb9245005d285808e7"
  
  lodash.clonedeep@^4.3.2:
    version "4.5.0"
    resolved "https://registry.yarnpkg.com/lodash.clonedeep/-/lodash.clonedeep-4.5.0.tgz#e23f3f9c4f8fbdde872529c1071857a086e5ccef"
  
  lodash.escape@^3.0.0:
    version "3.2.0"
    resolved "https://registry.yarnpkg.com/lodash.escape/-/lodash.escape-3.2.0.tgz#995ee0dc18c1b48cc92effae71a10aab5b487698"
    dependencies:
      lodash._root "^3.0.0"
  
  lodash.isarguments@^3.0.0:
    version "3.1.0"
    resolved "https://registry.yarnpkg.com/lodash.isarguments/-/lodash.isarguments-3.1.0.tgz#2f573d85c6a24289ff00663b491c1d338ff3458a"
  
  lodash.isarray@^3.0.0:
    version "3.0.4"
    resolved "https://registry.yarnpkg.com/lodash.isarray/-/lodash.isarray-3.0.4.tgz#79e4eb88c36a8122af86f844aa9bcd851b5fbb55"
  
  lodash.keys@^3.0.0:
    version "3.1.2"
    resolved "https://registry.yarnpkg.com/lodash.keys/-/lodash.keys-3.1.2.tgz#4dbc0472b156be50a0b286855d1bd0b0c656098a"
    dependencies:
      lodash._getnative "^3.0.0"
      lodash.isarguments "^3.0.0"
      lodash.isarray "^3.0.0"
  
  lodash.mergewith@^4.6.0:
    version "4.6.0"
    resolved "https://registry.yarnpkg.com/lodash.mergewith/-/lodash.mergewith-4.6.0.tgz#150cf0a16791f5903b8891eab154609274bdea55"
  
  lodash.restparam@^3.0.0:
    version "3.6.1"
    resolved "https://registry.yarnpkg.com/lodash.restparam/-/lodash.restparam-3.6.1.tgz#936a4e309ef330a7645ed4145986c85ae5b20805"
  
  lodash.template@^3.0.0:
    version "3.6.2"
    resolved "https://registry.yarnpkg.com/lodash.template/-/lodash.template-3.6.2.tgz#f8cdecc6169a255be9098ae8b0c53d378931d14f"
    dependencies:
      lodash._basecopy "^3.0.0"
      lodash._basetostring "^3.0.0"
      lodash._basevalues "^3.0.0"
      lodash._isiterateecall "^3.0.0"
      lodash._reinterpolate "^3.0.0"
      lodash.escape "^3.0.0"
      lodash.keys "^3.0.0"
      lodash.restparam "^3.0.0"
      lodash.templatesettings "^3.0.0"
  
  lodash.templatesettings@^3.0.0:
    version "3.1.1"
    resolved "https://registry.yarnpkg.com/lodash.templatesettings/-/lodash.templatesettings-3.1.1.tgz#fb307844753b66b9f1afa54e262c745307dba8e5"
    dependencies:
      lodash._reinterpolate "^3.0.0"
      lodash.escape "^3.0.0"
  
  lodash@^4.0.0, lodash@^4.2.0:
    version "4.17.4"
    resolved "https://registry.yarnpkg.com/lodash/-/lodash-4.17.4.tgz#78203a4d1c328ae1d86dca6460e369b57f4055ae"
  
  lodash@~4.16.4:
    version "4.16.6"
    resolved "https://registry.yarnpkg.com/lodash/-/lodash-4.16.6.tgz#d22c9ac660288f3843e16ba7d2b5d06cca27d777"
  
  loose-envify@^1.0.0:
    version "1.3.0"
    resolved "https://registry.yarnpkg.com/loose-envify/-/loose-envify-1.3.0.tgz#6b26248c42f6d4fa4b0d8542f78edfcde35642a8"
    dependencies:
      js-tokens "^2.0.0"
  
  loud-rejection@^1.0.0:
    version "1.6.0"
    resolved "https://registry.yarnpkg.com/loud-rejection/-/loud-rejection-1.6.0.tgz#5b46f80147edee578870f086d04821cf998e551f"
    dependencies:
      currently-unhandled "^0.4.1"
      signal-exit "^3.0.0"
  
  lru-cache@^4.0.1:
    version "4.0.2"
    resolved "https://registry.yarnpkg.com/lru-cache/-/lru-cache-4.0.2.tgz#1d17679c069cda5d040991a09dbc2c0db377e55e"
    dependencies:
      pseudomap "^1.0.1"
      yallist "^2.0.0"
  
  map-obj@^1.0.0, map-obj@^1.0.1:
    version "1.0.1"
    resolved "https://registry.yarnpkg.com/map-obj/-/map-obj-1.0.1.tgz#d933ceb9205d82bdcf4886f6742bdc2b4dea146d"
  
  meow@^3.7.0:
    version "3.7.0"
    resolved "https://registry.yarnpkg.com/meow/-/meow-3.7.0.tgz#72cb668b425228290abbfa856892587308a801fb"
    dependencies:
      camelcase-keys "^2.0.0"
      decamelize "^1.1.2"
      loud-rejection "^1.0.0"
      map-obj "^1.0.1"
      minimist "^1.1.3"
      normalize-package-data "^2.3.4"
      object-assign "^4.0.1"
      read-pkg-up "^1.0.1"
      redent "^1.0.0"
      trim-newlines "^1.0.0"
  
  meteor-node-stubs@0.2.4:
    version "0.2.4"
    resolved "https://registry.yarnpkg.com/meteor-node-stubs/-/meteor-node-stubs-0.2.4.tgz#5b2644913d866eb5e499e8392cab20dbdf7471b0"
    dependencies:
      assert "^1.4.1"
      browserify-zlib "^0.1.4"
      buffer "^4.9.1"
      console-browserify "^1.1.0"
      constants-browserify "^1.0.0"
      crypto-browserify "^3.11.0"
      domain-browser "^1.1.7"
      events "^1.1.1"
      http-browserify "^1.7.0"
      https-browserify "0.0.1"
      os-browserify "^0.2.1"
      path-browserify "0.0.0"
      process "^0.11.9"
      punycode "^1.4.1"
      querystring-es3 "^0.2.1"
      readable-stream "^2.2.1"
      stream-browserify "^2.0.1"
      string_decoder "^0.10.31"
      timers-browserify "^1.4.2"
      tty-browserify "0.0.0"
      url "^0.11.0"
      util "^0.10.3"
      vm-browserify "0.0.4"
  
  meteor-rxjs@0.4.5:
    version "0.4.5"
    resolved "https://registry.yarnpkg.com/meteor-rxjs/-/meteor-rxjs-0.4.5.tgz#402e892f5b9f637291181a23a857e2722804a013"
  
  meteor-typings@1.3.1:
    version "1.3.1"
    resolved "https://registry.yarnpkg.com/meteor-typings/-/meteor-typings-1.3.1.tgz#1f8965919b874fb21ed985e8cde2b12981ab60fc"
  
  miller-rabin@^4.0.0:
    version "4.0.0"
    resolved "https://registry.yarnpkg.com/miller-rabin/-/miller-rabin-4.0.0.tgz#4a62fb1d42933c05583982f4c716f6fb9e6c6d3d"
    dependencies:
      bn.js "^4.0.0"
      brorand "^1.0.1"
  
  mime-db@~1.25.0:
    version "1.25.0"
    resolved "https://registry.yarnpkg.com/mime-db/-/mime-db-1.25.0.tgz#c18dbd7c73a5dbf6f44a024dc0d165a1e7b1c392"
  
  mime-types@^2.1.12, mime-types@~2.1.7:
    version "2.1.13"
    resolved "https://registry.yarnpkg.com/mime-types/-/mime-types-2.1.13.tgz#e07aaa9c6c6b9a7ca3012c69003ad25a39e92a88"
    dependencies:
      mime-db "~1.25.0"
  
  minimalistic-assert@^1.0.0:
    version "1.0.0"
    resolved "https://registry.yarnpkg.com/minimalistic-assert/-/minimalistic-assert-1.0.0.tgz#702be2dda6b37f4836bcb3f5db56641b64a1d3d3"
  
  minimatch@^3.0.2, minimatch@~3.0.2:
    version "3.0.3"
    resolved "https://registry.yarnpkg.com/minimatch/-/minimatch-3.0.3.tgz#2a4e4090b96b2db06a9d7df01055a62a77c9b774"
    dependencies:
      brace-expansion "^1.0.0"
  
  minimist@^1.1.0, minimist@^1.1.3:
    version "1.2.0"
    resolved "https://registry.yarnpkg.com/minimist/-/minimist-1.2.0.tgz#a35008b20f41383eec1fb914f4cd5df79a264284"
  
  minimist@0.0.8:
    version "0.0.8"
    resolved "https://registry.yarnpkg.com/minimist/-/minimist-0.0.8.tgz#857fcabfc3397d2625b8228262e86aa7a011b05d"
  
  mkdirp@^0.5.0, mkdirp@^0.5.1, "mkdirp@>=0.5 0":
    version "0.5.1"
    resolved "https://registry.yarnpkg.com/mkdirp/-/mkdirp-0.5.1.tgz#30057438eac6cf7f8c4767f38648d6697d75c903"
    dependencies:
      minimist "0.0.8"
  
  ms@0.7.2:
    version "0.7.2"
    resolved "https://registry.yarnpkg.com/ms/-/ms-0.7.2.tgz#ae25cf2512b3885a1d95d7f037868d8431124765"
  
  multipipe@^0.1.2:
    version "0.1.2"
    resolved "https://registry.yarnpkg.com/multipipe/-/multipipe-0.1.2.tgz#2a8f2ddf70eed564dff2d57f1e1a137d9f05078b"
    dependencies:
      duplexer2 "0.0.2"
  
  nan@^2.3.2:
    version "2.5.0"
    resolved "https://registry.yarnpkg.com/nan/-/nan-2.5.0.tgz#aa8f1e34531d807e9e27755b234b4a6ec0c152a8"
  
  node-gyp@^3.3.1:
    version "3.4.0"
    resolved "https://registry.yarnpkg.com/node-gyp/-/node-gyp-3.4.0.tgz#dda558393b3ecbbe24c9e6b8703c71194c63fa36"
    dependencies:
      fstream "^1.0.0"
      glob "^7.0.3"
      graceful-fs "^4.1.2"
      minimatch "^3.0.2"
      mkdirp "^0.5.0"
      nopt "2 || 3"
      npmlog "0 || 1 || 2 || 3"
      osenv "0"
      path-array "^1.0.0"
      request "2"
      rimraf "2"
      semver "2.x || 3.x || 4 || 5"
      tar "^2.0.0"
      which "1"
  
  node-sass:
    version "4.1.1"
    resolved "https://registry.yarnpkg.com/node-sass/-/node-sass-4.1.1.tgz#dc3e27d25bd827b6276ea243be357c7c7cd07111"
    dependencies:
      async-foreach "^0.1.3"
      chalk "^1.1.1"
      cross-spawn "^3.0.0"
      gaze "^1.0.0"
      get-stdin "^4.0.1"
      glob "^7.0.3"
      in-publish "^2.0.0"
      lodash.assign "^4.2.0"
      lodash.clonedeep "^4.3.2"
      lodash.mergewith "^4.6.0"
      meow "^3.7.0"
      mkdirp "^0.5.1"
      nan "^2.3.2"
      node-gyp "^3.3.1"
      npmlog "^4.0.0"
      request "^2.61.0"
      sass-graph "^2.1.1"
      stdout-stream "^1.4.0"
  
  "nopt@2 || 3":
    version "3.0.6"
    resolved "https://registry.yarnpkg.com/nopt/-/nopt-3.0.6.tgz#c6465dbf08abcd4db359317f79ac68a646b28ff9"
    dependencies:
      abbrev "1"
  
  normalize-package-data@^2.3.2, normalize-package-data@^2.3.4:
    version "2.3.5"
    resolved "https://registry.yarnpkg.com/normalize-package-data/-/normalize-package-data-2.3.5.tgz#8d924f142960e1777e7ffe170543631cc7cb02df"
    dependencies:
      hosted-git-info "^2.1.4"
      is-builtin-module "^1.0.0"
      semver "2 || 3 || 4 || 5"
      validate-npm-package-license "^3.0.1"
  
  npmlog@^4.0.0:
    version "4.0.2"
    resolved "https://registry.yarnpkg.com/npmlog/-/npmlog-4.0.2.tgz#d03950e0e78ce1527ba26d2a7592e9348ac3e75f"
    dependencies:
      are-we-there-yet "~1.1.2"
      console-control-strings "~1.1.0"
      gauge "~2.7.1"
      set-blocking "~2.0.0"
  
  "npmlog@0 || 1 || 2 || 3":
    version "3.1.2"
    resolved "https://registry.yarnpkg.com/npmlog/-/npmlog-3.1.2.tgz#2d46fa874337af9498a2f12bb43d8d0be4a36873"
    dependencies:
      are-we-there-yet "~1.1.2"
      console-control-strings "~1.1.0"
      gauge "~2.6.0"
      set-blocking "~2.0.0"
  
  number-is-nan@^1.0.0:
    version "1.0.1"
    resolved "https://registry.yarnpkg.com/number-is-nan/-/number-is-nan-1.0.1.tgz#097b602b53422a522c1afb8790318336941a011d"
  
  oauth-sign@~0.8.1:
    version "0.8.2"
    resolved "https://registry.yarnpkg.com/oauth-sign/-/oauth-sign-0.8.2.tgz#46a6ab7f0aead8deae9ec0565780b7d4efeb9d43"
  
  object-assign@^3.0.0:
    version "3.0.0"
    resolved "https://registry.yarnpkg.com/object-assign/-/object-assign-3.0.0.tgz#9bedd5ca0897949bca47e7ff408062d549f587f2"
  
  object-assign@^4.0.1, object-assign@^4.1.0:
    version "4.1.0"
    resolved "https://registry.yarnpkg.com/object-assign/-/object-assign-4.1.0.tgz#7a3b3d0e98063d43f4c03f2e8ae6cd51a86883a0"
  
  once@^1.3.0:
    version "1.4.0"
    resolved "https://registry.yarnpkg.com/once/-/once-1.4.0.tgz#583b1aa775961d4b113ac17d9c50baef9dd76bd1"
    dependencies:
      wrappy "1"
  
  os-browserify@^0.2.1:
    version "0.2.1"
    resolved "https://registry.yarnpkg.com/os-browserify/-/os-browserify-0.2.1.tgz#63fc4ccee5d2d7763d26bbf8601078e6c2e0044f"
  
  os-homedir@^1.0.0:
    version "1.0.2"
    resolved "https://registry.yarnpkg.com/os-homedir/-/os-homedir-1.0.2.tgz#ffbc4988336e0e833de0c168c7ef152121aa7fb3"
  
  os-locale@^1.4.0:
    version "1.4.0"
    resolved "https://registry.yarnpkg.com/os-locale/-/os-locale-1.4.0.tgz#20f9f17ae29ed345e8bde583b13d2009803c14d9"
    dependencies:
      lcid "^1.0.0"
  
  os-tmpdir@^1.0.0, os-tmpdir@^1.0.1:
    version "1.0.2"
    resolved "https://registry.yarnpkg.com/os-tmpdir/-/os-tmpdir-1.0.2.tgz#bbe67406c79aa85c5cfec766fe5734555dfa1274"
  
  osenv@0:
    version "0.1.4"
    resolved "https://registry.yarnpkg.com/osenv/-/osenv-0.1.4.tgz#42fe6d5953df06c8064be6f176c3d05aaaa34644"
    dependencies:
      os-homedir "^1.0.0"
      os-tmpdir "^1.0.0"
  
  pako@~0.2.0:
    version "0.2.9"
    resolved "https://registry.yarnpkg.com/pako/-/pako-0.2.9.tgz#f3f7522f4ef782348da8161bad9ecfd51bf83a75"
  
  parse-asn1@^5.0.0:
    version "5.0.0"
    resolved "https://registry.yarnpkg.com/parse-asn1/-/parse-asn1-5.0.0.tgz#35060f6d5015d37628c770f4e091a0b5a278bc23"
    dependencies:
      asn1.js "^4.0.0"
      browserify-aes "^1.0.0"
      create-hash "^1.1.0"
      evp_bytestokey "^1.0.0"
      pbkdf2 "^3.0.3"
  
  parse-json@^2.2.0:
    version "2.2.0"
    resolved "https://registry.yarnpkg.com/parse-json/-/parse-json-2.2.0.tgz#f480f40434ef80741f8469099f8dea18f55a4dc9"
    dependencies:
      error-ex "^1.2.0"
  
  path-array@^1.0.0:
    version "1.0.1"
    resolved "https://registry.yarnpkg.com/path-array/-/path-array-1.0.1.tgz#7e2f0f35f07a2015122b868b7eac0eb2c4fec271"
    dependencies:
      array-index "^1.0.0"
  
  path-browserify@0.0.0:
    version "0.0.0"
    resolved "https://registry.yarnpkg.com/path-browserify/-/path-browserify-0.0.0.tgz#a0b870729aae214005b7d5032ec2cbbb0fb4451a"
  
  path-exists@^2.0.0:
    version "2.1.0"
    resolved "https://registry.yarnpkg.com/path-exists/-/path-exists-2.1.0.tgz#0feb6c64f0fc518d9a754dd5efb62c7022761f4b"
    dependencies:
      pinkie-promise "^2.0.0"
  
  path-is-absolute@^1.0.0:
    version "1.0.1"
    resolved "https://registry.yarnpkg.com/path-is-absolute/-/path-is-absolute-1.0.1.tgz#174b9268735534ffbc7ace6bf53a5a9e1b5c5f5f"
  
  path-is-inside@^1.0.1:
    version "1.0.2"
    resolved "https://registry.yarnpkg.com/path-is-inside/-/path-is-inside-1.0.2.tgz#365417dede44430d1c11af61027facf074bdfc53"
  
  path-type@^1.0.0:
    version "1.1.0"
    resolved "https://registry.yarnpkg.com/path-type/-/path-type-1.1.0.tgz#59c44f7ee491da704da415da5a4070ba4f8fe441"
    dependencies:
      graceful-fs "^4.1.2"
      pify "^2.0.0"
      pinkie-promise "^2.0.0"
  
  pbkdf2@^3.0.3:
    version "3.0.9"
    resolved "https://registry.yarnpkg.com/pbkdf2/-/pbkdf2-3.0.9.tgz#f2c4b25a600058b3c3773c086c37dbbee1ffe693"
    dependencies:
      create-hmac "^1.1.2"
  
  pify@^2.0.0:
    version "2.3.0"
    resolved "https://registry.yarnpkg.com/pify/-/pify-2.3.0.tgz#ed141a6ac043a849ea588498e7dca8b15330e90c"
  
  pinkie-promise@^2.0.0:
    version "2.0.1"
    resolved "https://registry.yarnpkg.com/pinkie-promise/-/pinkie-promise-2.0.1.tgz#2135d6dfa7a358c069ac9b178776288228450ffa"
    dependencies:
      pinkie "^2.0.0"
  
  pinkie@^2.0.0:
    version "2.0.4"
    resolved "https://registry.yarnpkg.com/pinkie/-/pinkie-2.0.4.tgz#72556b80cfa0d48a974e80e77248e80ed4f7f870"
  
  private@^0.1.6:
    version "0.1.6"
    resolved "https://registry.yarnpkg.com/private/-/private-0.1.6.tgz#55c6a976d0f9bafb9924851350fe47b9b5fbb7c1"
  
  process-nextick-args@~1.0.6:
    version "1.0.7"
    resolved "https://registry.yarnpkg.com/process-nextick-args/-/process-nextick-args-1.0.7.tgz#150e20b756590ad3f91093f25a4f2ad8bff30ba3"
  
  process@^0.11.9, process@~0.11.0:
    version "0.11.9"
    resolved "https://registry.yarnpkg.com/process/-/process-0.11.9.tgz#7bd5ad21aa6253e7da8682264f1e11d11c0318c1"
  
  pseudomap@^1.0.1:
    version "1.0.2"
    resolved "https://registry.yarnpkg.com/pseudomap/-/pseudomap-1.0.2.tgz#f052a28da70e618917ef0a8ac34c1ae5a68286b3"
  
  public-encrypt@^4.0.0:
    version "4.0.0"
    resolved "https://registry.yarnpkg.com/public-encrypt/-/public-encrypt-4.0.0.tgz#39f699f3a46560dd5ebacbca693caf7c65c18cc6"
    dependencies:
      bn.js "^4.1.0"
      browserify-rsa "^4.0.0"
      create-hash "^1.1.0"
      parse-asn1 "^5.0.0"
      randombytes "^2.0.1"
  
  punycode@^1.4.1:
    version "1.4.1"
    resolved "https://registry.yarnpkg.com/punycode/-/punycode-1.4.1.tgz#c0d5a63b2718800ad8e1eb0fa5269c84dd41845e"
  
  punycode@1.3.2:
    version "1.3.2"
    resolved "https://registry.yarnpkg.com/punycode/-/punycode-1.3.2.tgz#9653a036fb7c1ee42342f2325cceefea3926c48d"
  
  qs@~6.3.0:
    version "6.3.0"
    resolved "https://registry.yarnpkg.com/qs/-/qs-6.3.0.tgz#f403b264f23bc01228c74131b407f18d5ea5d442"
  
  querystring-es3@^0.2.1:
    version "0.2.1"
    resolved "https://registry.yarnpkg.com/querystring-es3/-/querystring-es3-0.2.1.tgz#9ec61f79049875707d69414596fd907a4d711e73"
  
  querystring@0.2.0:
    version "0.2.0"
    resolved "https://registry.yarnpkg.com/querystring/-/querystring-0.2.0.tgz#b209849203bb25df820da756e747005878521620"
  
  randombytes@^2.0.0, randombytes@^2.0.1:
    version "2.0.3"
    resolved "https://registry.yarnpkg.com/randombytes/-/randombytes-2.0.3.tgz#674c99760901c3c4112771a31e521dc349cc09ec"
  
  read-pkg-up@^1.0.1:
    version "1.0.1"
    resolved "https://registry.yarnpkg.com/read-pkg-up/-/read-pkg-up-1.0.1.tgz#9d63c13276c065918d57f002a57f40a1b643fb02"
    dependencies:
      find-up "^1.0.0"
      read-pkg "^1.0.0"
  
  read-pkg@^1.0.0:
    version "1.1.0"
    resolved "https://registry.yarnpkg.com/read-pkg/-/read-pkg-1.1.0.tgz#f5ffaa5ecd29cb31c0474bca7d756b6bb29e3f28"
    dependencies:
      load-json-file "^1.0.0"
      normalize-package-data "^2.3.2"
      path-type "^1.0.0"
  
  "readable-stream@^2.0.0 || ^1.1.13", readable-stream@^2.0.1, readable-stream@^2.0.2, readable-stream@^2.1.5, readable-stream@^2.2.1:
    version "2.2.2"
    resolved "https://registry.yarnpkg.com/readable-stream/-/readable-stream-2.2.2.tgz#a9e6fec3c7dda85f8bb1b3ba7028604556fc825e"
    dependencies:
      buffer-shims "^1.0.0"
      core-util-is "~1.0.0"
      inherits "~2.0.1"
      isarray "~1.0.0"
      process-nextick-args "~1.0.6"
      string_decoder "~0.10.x"
      util-deprecate "~1.0.1"
  
  readable-stream@~1.1.9:
    version "1.1.14"
    resolved "https://registry.yarnpkg.com/readable-stream/-/readable-stream-1.1.14.tgz#7cf4c54ef648e3813084c636dd2079e166c081d9"
    dependencies:
      core-util-is "~1.0.0"
      inherits "~2.0.1"
      isarray "0.0.1"
      string_decoder "~0.10.x"
  
  redent@^1.0.0:
    version "1.0.0"
    resolved "https://registry.yarnpkg.com/redent/-/redent-1.0.0.tgz#cf916ab1fd5f1f16dfb20822dd6ec7f730c2afde"
    dependencies:
      indent-string "^2.1.0"
      strip-indent "^1.0.1"
  
  reflect-metadata@0.1.8:
    version "0.1.8"
    resolved "https://registry.yarnpkg.com/reflect-metadata/-/reflect-metadata-0.1.8.tgz#72426d570b60776e3688968bd5ab9537a15cecf6"
  
  regenerate@^1.2.1:
    version "1.3.2"
    resolved "https://registry.yarnpkg.com/regenerate/-/regenerate-1.3.2.tgz#d1941c67bad437e1be76433add5b385f95b19260"
  
  regenerator-runtime@^0.10.0:
    version "0.10.1"
    resolved "https://registry.yarnpkg.com/regenerator-runtime/-/regenerator-runtime-0.10.1.tgz#257f41961ce44558b18f7814af48c17559f9faeb"
  
  regenerator-runtime@^0.9.5:
    version "0.9.6"
    resolved "https://registry.yarnpkg.com/regenerator-runtime/-/regenerator-runtime-0.9.6.tgz#d33eb95d0d2001a4be39659707c51b0cb71ce029"
  
  regenerator-transform@0.9.8:
    version "0.9.8"
    resolved "https://registry.yarnpkg.com/regenerator-transform/-/regenerator-transform-0.9.8.tgz#0f88bb2bc03932ddb7b6b7312e68078f01026d6c"
    dependencies:
      babel-runtime "^6.18.0"
      babel-types "^6.19.0"
      private "^0.1.6"
  
  regexpu-core@^2.0.0:
    version "2.0.0"
    resolved "https://registry.yarnpkg.com/regexpu-core/-/regexpu-core-2.0.0.tgz#49d038837b8dcf8bfa5b9a42139938e6ea2ae240"
    dependencies:
      regenerate "^1.2.1"
      regjsgen "^0.2.0"
      regjsparser "^0.1.4"
  
  regjsgen@^0.2.0:
    version "0.2.0"
    resolved "https://registry.yarnpkg.com/regjsgen/-/regjsgen-0.2.0.tgz#6c016adeac554f75823fe37ac05b92d5a4edb1f7"
  
  regjsparser@^0.1.4:
    version "0.1.5"
    resolved "https://registry.yarnpkg.com/regjsparser/-/regjsparser-0.1.5.tgz#7ee8f84dc6fa792d3fd0ae228d24bd949ead205c"
    dependencies:
      jsesc "~0.5.0"
  
  repeating@^2.0.0:
    version "2.0.1"
    resolved "https://registry.yarnpkg.com/repeating/-/repeating-2.0.1.tgz#5214c53a926d3552707527fbab415dbc08d06dda"
    dependencies:
      is-finite "^1.0.0"
  
  replace-ext@0.0.1:
    version "0.0.1"
    resolved "https://registry.yarnpkg.com/replace-ext/-/replace-ext-0.0.1.tgz#29bbd92078a739f0bcce2b4ee41e837953522924"
  
  request@^2.61.0, request@2:
    version "2.79.0"
    resolved "https://registry.yarnpkg.com/request/-/request-2.79.0.tgz#4dfe5bf6be8b8cdc37fcf93e04b65577722710de"
    dependencies:
      aws-sign2 "~0.6.0"
      aws4 "^1.2.1"
      caseless "~0.11.0"
      combined-stream "~1.0.5"
      extend "~3.0.0"
      forever-agent "~0.6.1"
      form-data "~2.1.1"
      har-validator "~2.0.6"
      hawk "~3.1.3"
      http-signature "~1.1.0"
      is-typedarray "~1.0.0"
      isstream "~0.1.2"
      json-stringify-safe "~5.0.1"
      mime-types "~2.1.7"
      oauth-sign "~0.8.1"
      qs "~6.3.0"
      stringstream "~0.0.4"
      tough-cookie "~2.3.0"
      tunnel-agent "~0.4.1"
      uuid "^3.0.0"
  
  require-directory@^2.1.1:
    version "2.1.1"
    resolved "https://registry.yarnpkg.com/require-directory/-/require-directory-2.1.1.tgz#8c64ad5fd30dab1c976e2344ffe7f792a6a6df42"
  
  require-main-filename@^1.0.1:
    version "1.0.1"
    resolved "https://registry.yarnpkg.com/require-main-filename/-/require-main-filename-1.0.1.tgz#97f717b69d48784f5f526a6c5aa8ffdda055a4d1"
  
  rimraf@^2.2.8, rimraf@2:
    version "2.5.4"
    resolved "https://registry.yarnpkg.com/rimraf/-/rimraf-2.5.4.tgz#96800093cbf1a0c86bd95b4625467535c29dfa04"
    dependencies:
      glob "^7.0.5"
  
  ripemd160@^1.0.0:
    version "1.0.1"
    resolved "https://registry.yarnpkg.com/ripemd160/-/ripemd160-1.0.1.tgz#93a4bbd4942bc574b69a8fa57c71de10ecca7d6e"
  
  rxjs@5.0.0-rc.4:
    version "5.0.0-rc.4"
    resolved "https://registry.yarnpkg.com/rxjs/-/rxjs-5.0.0-rc.4.tgz#a4d08bc5d7f30d48ed7130e2995490c326a325c4"
    dependencies:
      symbol-observable "^1.0.1"
  
  sass-graph@^2.1.1:
    version "2.1.2"
    resolved "https://registry.yarnpkg.com/sass-graph/-/sass-graph-2.1.2.tgz#965104be23e8103cb7e5f710df65935b317da57b"
    dependencies:
      glob "^7.0.0"
      lodash "^4.0.0"
      yargs "^4.7.1"
  
  "semver@2 || 3 || 4 || 5", "semver@2.x || 3.x || 4 || 5":
    version "5.3.0"
    resolved "https://registry.yarnpkg.com/semver/-/semver-5.3.0.tgz#9b2ce5d3de02d17c6012ad326aa6b4d0cf54f94f"
  
  set-blocking@^2.0.0, set-blocking@~2.0.0:
    version "2.0.0"
    resolved "https://registry.yarnpkg.com/set-blocking/-/set-blocking-2.0.0.tgz#045f9782d011ae9a6803ddd382b24392b3d890f7"
  
  sha.js@^2.3.6:
    version "2.4.8"
    resolved "https://registry.yarnpkg.com/sha.js/-/sha.js-2.4.8.tgz#37068c2c476b6baf402d14a49c67f597921f634f"
    dependencies:
      inherits "^2.0.1"
  
  signal-exit@^3.0.0:
    version "3.0.2"
    resolved "https://registry.yarnpkg.com/signal-exit/-/signal-exit-3.0.2.tgz#b5fdc08f1287ea1178628e415e25132b73646c6d"
  
  slash@^1.0.0:
    version "1.0.0"
    resolved "https://registry.yarnpkg.com/slash/-/slash-1.0.0.tgz#c41f2f6c39fc16d1cd17ad4b5d896114ae470d55"
  
  sntp@1.x.x:
    version "1.0.9"
    resolved "https://registry.yarnpkg.com/sntp/-/sntp-1.0.9.tgz#6541184cc90aeea6c6e7b35e2659082443c66198"
    dependencies:
      hoek "2.x.x"
  
  source-map-support@^0.4.2:
    version "0.4.8"
    resolved "https://registry.yarnpkg.com/source-map-support/-/source-map-support-0.4.8.tgz#4871918d8a3af07289182e974e32844327b2e98b"
    dependencies:
      source-map "^0.5.3"
  
  source-map@^0.5.0, source-map@^0.5.1, source-map@^0.5.3:
    version "0.5.6"
    resolved "https://registry.yarnpkg.com/source-map/-/source-map-0.5.6.tgz#75ce38f52bf0733c5a7f0c118d81334a2bb5f412"
  
  sparkles@^1.0.0:
    version "1.0.0"
    resolved "https://registry.yarnpkg.com/sparkles/-/sparkles-1.0.0.tgz#1acbbfb592436d10bbe8f785b7cc6f82815012c3"
  
  spdx-correct@~1.0.0:
    version "1.0.2"
    resolved "https://registry.yarnpkg.com/spdx-correct/-/spdx-correct-1.0.2.tgz#4b3073d933ff51f3912f03ac5519498a4150db40"
    dependencies:
      spdx-license-ids "^1.0.2"
  
  spdx-expression-parse@~1.0.0:
    version "1.0.4"
    resolved "https://registry.yarnpkg.com/spdx-expression-parse/-/spdx-expression-parse-1.0.4.tgz#9bdf2f20e1f40ed447fbe273266191fced51626c"
  
  spdx-license-ids@^1.0.2:
    version "1.2.2"
    resolved "https://registry.yarnpkg.com/spdx-license-ids/-/spdx-license-ids-1.2.2.tgz#c9df7a3424594ade6bd11900d596696dc06bac57"
  
  sshpk@^1.7.0:
    version "1.10.1"
    resolved "https://registry.yarnpkg.com/sshpk/-/sshpk-1.10.1.tgz#30e1a5d329244974a1af61511339d595af6638b0"
    dependencies:
      asn1 "~0.2.3"
      assert-plus "^1.0.0"
      dashdash "^1.12.0"
      getpass "^0.1.1"
    optionalDependencies:
      bcrypt-pbkdf "^1.0.0"
      ecc-jsbn "~0.1.1"
      jodid25519 "^1.0.0"
      jsbn "~0.1.0"
      tweetnacl "~0.14.0"
  
  stdout-stream@^1.4.0:
    version "1.4.0"
    resolved "https://registry.yarnpkg.com/stdout-stream/-/stdout-stream-1.4.0.tgz#a2c7c8587e54d9427ea9edb3ac3f2cd522df378b"
    dependencies:
      readable-stream "^2.0.1"
  
  stream-browserify@^2.0.1:
    version "2.0.1"
    resolved "https://registry.yarnpkg.com/stream-browserify/-/stream-browserify-2.0.1.tgz#66266ee5f9bdb9940a4e4514cafb43bb71e5c9db"
    dependencies:
      inherits "~2.0.1"
      readable-stream "^2.0.2"
  
  string_decoder@^0.10.31, string_decoder@~0.10.x:
    version "0.10.31"
    resolved "https://registry.yarnpkg.com/string_decoder/-/string_decoder-0.10.31.tgz#62e203bc41766c6c28c9fc84301dab1c5310fa94"
  
  string-width@^1.0.1:
    version "1.0.2"
    resolved "https://registry.yarnpkg.com/string-width/-/string-width-1.0.2.tgz#118bdf5b8cdc51a2a7e70d211e07e2b0b9b107d3"
    dependencies:
      code-point-at "^1.0.0"
      is-fullwidth-code-point "^1.0.0"
      strip-ansi "^3.0.0"
  
  stringstream@~0.0.4:
    version "0.0.5"
    resolved "https://registry.yarnpkg.com/stringstream/-/stringstream-0.0.5.tgz#4e484cd4de5a0bbbee18e46307710a8a81621878"
  
  strip-ansi@^3.0.0, strip-ansi@^3.0.1:
    version "3.0.1"
    resolved "https://registry.yarnpkg.com/strip-ansi/-/strip-ansi-3.0.1.tgz#6a385fb8853d952d5ff05d0e8aaf94278dc63dcf"
    dependencies:
      ansi-regex "^2.0.0"
  
  strip-bom@^2.0.0:
    version "2.0.0"
    resolved "https://registry.yarnpkg.com/strip-bom/-/strip-bom-2.0.0.tgz#6219a85616520491f35788bdbf1447a99c7e6b0e"
    dependencies:
      is-utf8 "^0.2.0"
  
  strip-indent@^1.0.1:
    version "1.0.1"
    resolved "https://registry.yarnpkg.com/strip-indent/-/strip-indent-1.0.1.tgz#0c7962a6adefa7bbd4ac366460a638552ae1a0a2"
    dependencies:
      get-stdin "^4.0.1"
  
  supports-color@^0.2.0:
    version "0.2.0"
    resolved "https://registry.yarnpkg.com/supports-color/-/supports-color-0.2.0.tgz#d92de2694eb3f67323973d7ae3d8b55b4c22190a"
  
  supports-color@^2.0.0:
    version "2.0.0"
    resolved "https://registry.yarnpkg.com/supports-color/-/supports-color-2.0.0.tgz#535d045ce6b6363fa40117084629995e9df324c7"
  
  symbol-observable@^1.0.1:
    version "1.0.4"
    resolved "https://registry.yarnpkg.com/symbol-observable/-/symbol-observable-1.0.4.tgz#29bf615d4aa7121bdd898b22d4b3f9bc4e2aa03d"
  
  tar@^2.0.0:
    version "2.2.1"
    resolved "https://registry.yarnpkg.com/tar/-/tar-2.2.1.tgz#8e4d2a256c0e2185c6b18ad694aec968b83cb1d1"
    dependencies:
      block-stream "*"
      fstream "^1.0.2"
      inherits "2"
  
  through2@^2.0.0:
    version "2.0.3"
    resolved "https://registry.yarnpkg.com/through2/-/through2-2.0.3.tgz#0004569b37c7c74ba39c43f3ced78d1ad94140be"
    dependencies:
      readable-stream "^2.1.5"
      xtend "~4.0.1"
  
  time-stamp@^1.0.0:
    version "1.0.1"
    resolved "https://registry.yarnpkg.com/time-stamp/-/time-stamp-1.0.1.tgz#9f4bd23559c9365966f3302dbba2b07c6b99b151"
  
  timers-browserify@^1.4.2:
    version "1.4.2"
    resolved "https://registry.yarnpkg.com/timers-browserify/-/timers-browserify-1.4.2.tgz#c9c58b575be8407375cb5e2462dacee74359f41d"
    dependencies:
      process "~0.11.0"
  
  to-fast-properties@^1.0.1:
    version "1.0.2"
    resolved "https://registry.yarnpkg.com/to-fast-properties/-/to-fast-properties-1.0.2.tgz#f3f5c0c3ba7299a7ef99427e44633257ade43320"
  
  tough-cookie@~2.3.0:
    version "2.3.2"
    resolved "https://registry.yarnpkg.com/tough-cookie/-/tough-cookie-2.3.2.tgz#f081f76e4c85720e6c37a5faced737150d84072a"
    dependencies:
      punycode "^1.4.1"
  
  trim-newlines@^1.0.0:
    version "1.0.0"
    resolved "https://registry.yarnpkg.com/trim-newlines/-/trim-newlines-1.0.0.tgz#5887966bb582a4503a41eb524f7d35011815a613"
  
  tty-browserify@0.0.0:
    version "0.0.0"
    resolved "https://registry.yarnpkg.com/tty-browserify/-/tty-browserify-0.0.0.tgz#a157ba402da24e9bf957f9aa69d524eed42901a6"
  
  tunnel-agent@~0.4.1:
    version "0.4.3"
    resolved "https://registry.yarnpkg.com/tunnel-agent/-/tunnel-agent-0.4.3.tgz#6373db76909fe570e08d73583365ed828a74eeeb"
  
  tweetnacl@^0.14.3, tweetnacl@~0.14.0:
    version "0.14.5"
    resolved "https://registry.yarnpkg.com/tweetnacl/-/tweetnacl-0.14.5.tgz#5ae68177f192d4456269d108afa93ff8743f4f64"
  
  type-detect@^1.0.0:
    version "1.0.0"
    resolved "https://registry.yarnpkg.com/type-detect/-/type-detect-1.0.0.tgz#762217cc06db258ec48908a1298e8b95121e8ea2"
  
  type-detect@0.1.1:
    version "0.1.1"
    resolved "https://registry.yarnpkg.com/type-detect/-/type-detect-0.1.1.tgz#0ba5ec2a885640e470ea4e8505971900dac58822"
  
  underscore@^1.8.3:
    version "1.8.3"
    resolved "https://registry.yarnpkg.com/underscore/-/underscore-1.8.3.tgz#4f3fb53b106e6097fcf9cb4109f2a5e9bdfa5022"
  
  url@^0.11.0:
    version "0.11.0"
    resolved "https://registry.yarnpkg.com/url/-/url-0.11.0.tgz#3838e97cfc60521eb73c525a8e55bfdd9e2e28f1"
    dependencies:
      punycode "1.3.2"
      querystring "0.2.0"
  
  util-deprecate@~1.0.1:
    version "1.0.2"
    resolved "https://registry.yarnpkg.com/util-deprecate/-/util-deprecate-1.0.2.tgz#450d4dc9fa70de732762fbd2d4a28981419a0ccf"
  
  util@^0.10.3, util@0.10.3:
    version "0.10.3"
    resolved "https://registry.yarnpkg.com/util/-/util-0.10.3.tgz#7afb1afe50805246489e3db7fe0ed379336ac0f9"
    dependencies:
      inherits "2.0.1"
  
  uuid@^3.0.0:
    version "3.0.1"
    resolved "https://registry.yarnpkg.com/uuid/-/uuid-3.0.1.tgz#6544bba2dfda8c1cf17e629a3a305e2bb1fee6c1"
  
  validate-npm-package-license@^3.0.1:
    version "3.0.1"
    resolved "https://registry.yarnpkg.com/validate-npm-package-license/-/validate-npm-package-license-3.0.1.tgz#2804babe712ad3379459acfbe24746ab2c303fbc"
    dependencies:
      spdx-correct "~1.0.0"
      spdx-expression-parse "~1.0.0"
  
  verror@1.3.6:
    version "1.3.6"
    resolved "https://registry.yarnpkg.com/verror/-/verror-1.3.6.tgz#cff5df12946d297d2baaefaa2689e25be01c005c"
    dependencies:
      extsprintf "1.0.2"
  
  vinyl-sourcemaps-apply@^0.2.0:
    version "0.2.1"
    resolved "https://registry.yarnpkg.com/vinyl-sourcemaps-apply/-/vinyl-sourcemaps-apply-0.2.1.tgz#ab6549d61d172c2b1b87be5c508d239c8ef87705"
    dependencies:
      source-map "^0.5.1"
  
  vinyl@^0.5.0:
    version "0.5.3"
    resolved "https://registry.yarnpkg.com/vinyl/-/vinyl-0.5.3.tgz#b0455b38fc5e0cf30d4325132e461970c2091cde"
    dependencies:
      clone "^1.0.0"
      clone-stats "^0.0.1"
      replace-ext "0.0.1"
  
  vm-browserify@0.0.4:
    version "0.0.4"
    resolved "https://registry.yarnpkg.com/vm-browserify/-/vm-browserify-0.0.4.tgz#5d7ea45bbef9e4a6ff65f95438e0a87c357d5a73"
    dependencies:
      indexof "0.0.1"
  
  web-animations-js:
    version "2.2.2"
    resolved "https://registry.yarnpkg.com/web-animations-js/-/web-animations-js-2.2.2.tgz#7c3aa5382c5eade70cd206880d56a37869630638"
  
  which-module@^1.0.0:
    version "1.0.0"
    resolved "https://registry.yarnpkg.com/which-module/-/which-module-1.0.0.tgz#bba63ca861948994ff307736089e3b96026c2a4f"
  
  which@^1.2.9, which@1:
    version "1.2.12"
    resolved "https://registry.yarnpkg.com/which/-/which-1.2.12.tgz#de67b5e450269f194909ef23ece4ebe416fa1192"
    dependencies:
      isexe "^1.1.1"
  
  wide-align@^1.1.0:
    version "1.1.0"
    resolved "https://registry.yarnpkg.com/wide-align/-/wide-align-1.1.0.tgz#40edde802a71fea1f070da3e62dcda2e7add96ad"
    dependencies:
      string-width "^1.0.1"
  
  window-size@^0.2.0:
    version "0.2.0"
    resolved "https://registry.yarnpkg.com/window-size/-/window-size-0.2.0.tgz#b4315bb4214a3d7058ebeee892e13fa24d98b075"
  
  wrap-ansi@^2.0.0:
    version "2.1.0"
    resolved "https://registry.yarnpkg.com/wrap-ansi/-/wrap-ansi-2.1.0.tgz#d8fc3d284dd05794fe84973caecdd1cf824fdd85"
    dependencies:
      string-width "^1.0.1"
      strip-ansi "^3.0.1"
  
  wrappy@1:
    version "1.0.2"
    resolved "https://registry.yarnpkg.com/wrappy/-/wrappy-1.0.2.tgz#b5243d8f3ec1aa35f1364605bc0d1036e30ab69f"
  
  xtend@^4.0.0, xtend@~4.0.1:
    version "4.0.1"
    resolved "https://registry.yarnpkg.com/xtend/-/xtend-4.0.1.tgz#a5c6d532be656e23db820efb943a1f04998d63af"
  
  y18n@^3.2.1:
    version "3.2.1"
    resolved "https://registry.yarnpkg.com/y18n/-/y18n-3.2.1.tgz#6d15fba884c08679c0d77e88e7759e811e07fa41"
  
  yallist@^2.0.0:
    version "2.0.0"
    resolved "https://registry.yarnpkg.com/yallist/-/yallist-2.0.0.tgz#306c543835f09ee1a4cb23b7bce9ab341c91cdd4"
  
  yargs-parser@^2.4.1:
    version "2.4.1"
    resolved "https://registry.yarnpkg.com/yargs-parser/-/yargs-parser-2.4.1.tgz#85568de3cf150ff49fa51825f03a8c880ddcc5c4"
    dependencies:
      camelcase "^3.0.0"
      lodash.assign "^4.0.6"
  
  yargs@^4.7.1:
    version "4.8.1"
    resolved "https://registry.yarnpkg.com/yargs/-/yargs-4.8.1.tgz#c0c42924ca4aaa6b0e6da1739dfb216439f9ddc0"
    dependencies:
      cliui "^3.2.0"
      decamelize "^1.1.1"
      get-caller-file "^1.0.1"
      lodash.assign "^4.0.3"
      os-locale "^1.4.0"
      read-pkg-up "^1.0.1"
      require-directory "^2.1.1"
      require-main-filename "^1.0.1"
      set-blocking "^2.0.0"
      string-width "^1.0.1"
      which-module "^1.0.0"
      window-size "^0.2.0"
      y18n "^3.2.1"
      yargs-parser "^2.4.1"
  
  zone.js@0.7.2:
    version "0.7.2"
    resolved "https://registry.yarnpkg.com/zone.js/-/zone.js-0.7.2.tgz#1a62b6be4b24d1b935e4566b0b4386b66966d1a7"

Trace: 
  Error: EACCES: permission denied, unlink '/Users/admin/.nvm/versions/node/v6.9.1/lib/node_modules/gulp/node_modules/.bin/semver'
      at Error (native)
